21:43:52.441  INFO  manager.ApplicationManager - All tests run in Chrome Browser
21:43:54.762  INFO  manager.ApplicationManager - Current URL https://ilcarro-1578153671498.web.app/search
21:43:54.856  INFO  manager.MyListener - New Before find by --> By.xpath: //a[text()=' Logout ']
21:44:04.932  INFO  manager.MyListener - WebDriver start find element -->By.cssSelector: [href='/login?url=%2Fsearch']
21:44:05.168  INFO  manager.MyListener - WebDriver start find element -->By.cssSelector: #email
21:44:06.423  INFO  manager.MyListener - WebDriver start find element -->By.cssSelector: #password
21:44:06.605  INFO  manager.MyListener - WebDriver start find element -->By.cssSelector: button[type='submit']
21:44:06.682  INFO  manager.MyListener - WebDriver start find element -->By.cssSelector: button[type='submit']
21:44:08.813  INFO  manager.MyListener - WebDriver start find element -->By.cssSelector: div.dialog-container
21:44:08.925  INFO  manager.MyListener - WebDriver start find element -->By.cssSelector: div.dialog-container h1
21:44:08.975  INFO  manager.MyListener - New Before find by --> By.xpath: //button[text()='Ok']
21:44:09.004  INFO  manager.MyListener - WebDriver start find element -->By.xpath: //button[text()='Ok']
21:44:09.107  INFO  manager.MyListener - New Before find by --> By.xpath: //a[text()=' Logout ']
21:44:09.152  INFO  manager.MyListener - WebDriver start find element -->By.id: 1
21:44:11.086  INFO  manager.MyListener - WebDriver start find element -->By.id: pickUpPlace
21:44:11.643  INFO  manager.MyListener - WebDriver start find element -->By.cssSelector: div.pac-item
21:44:12.667  INFO  manager.MyListener - WebDriver start find element -->By.id: make
21:44:12.794  INFO  manager.MyListener - WebDriver start find element -->By.id: model
21:44:12.882  INFO  manager.MyListener - WebDriver start find element -->By.id: year
21:44:12.997  INFO  manager.MyListener - WebDriver start find element -->By.id: engine
21:44:13.107  INFO  manager.MyListener - WebDriver start find element -->By.id: fuel
21:44:13.203  INFO  manager.MyListener - WebDriver start find element -->By.id: gear
21:44:13.289  INFO  manager.MyListener - WebDriver start find element -->By.id: wheelsDrive
21:44:13.443  INFO  manager.MyListener - WebDriver start find element -->By.id: doors
21:44:13.549  INFO  manager.MyListener - WebDriver start find element -->By.id: seats
21:44:13.650  INFO  manager.MyListener - WebDriver start find element -->By.id: class
21:44:13.736  INFO  manager.MyListener - WebDriver start find element -->By.id: fuelConsumption
21:44:13.966  INFO  manager.MyListener - WebDriver start find element -->By.id: serialNumber
21:44:14.114  INFO  manager.MyListener - WebDriver start find element -->By.id: price
21:44:14.358  INFO  manager.MyListener - WebDriver start find element -->By.id: distance
21:44:14.671  INFO  manager.MyListener - WebDriver start find element -->By.cssSelector: input[placeholder='Type feature']
21:44:14.810  INFO  manager.MyListener - WebDriver start find element -->By.id: about
21:44:14.912  INFO  manager.MyListener - WebDriver start find element -->By.id: photos
21:44:15.125  INFO  manager.MyListener - WebDriver start find element -->By.cssSelector: button[type='submit']
21:44:16.882  INFO  manager.MyListener - WebDriver start find element -->By.cssSelector: button[type='submit']
21:44:18.975  INFO  manager.MyListener - WebDriver start find element -->By.cssSelector: div.dialog-container
21:44:19.036  INFO  manager.MyListener - WebDriver start find element -->By.cssSelector: div.dialog-container h1
21:44:19.073  INFO  manager.MyListener - WebDriver start find element -->By.xpath: //button[text()='Search cars']
21:44:19.121  INFO  manager.MyListener - WebDriver start find element -->By.cssSelector: .logo
21:44:19.606  INFO  manager.MyListener - WebDriver start find element -->By.id: city
21:44:19.634  INFO  manager.MyListener - WebDriver start find element -->By.id: city
21:44:20.215  INFO  manager.MyListener - WebDriver start find element -->By.cssSelector: .pac-item
21:44:20.286  INFO  manager.MyListener - WebDriver start find element -->By.id: dates
21:44:20.405  INFO  manager.MyListener - WebDriver start find element -->By.id: dates
21:44:20.667  INFO  manager.MyListener - WebDriver start find element -->By.xpath: //button[@aria-label='Next month']
21:44:20.758  INFO  manager.MyListener - WebDriver start find element -->By.xpath: //button[@aria-label='Next month']
21:44:20.804  INFO  manager.MyListener - WebDriver start find element -->By.xpath: //button[@aria-label='Next month']
21:44:20.845  INFO  manager.MyListener - WebDriver start find element -->By.xpath: //button[@aria-label='Next month']
21:44:20.886  INFO  manager.MyListener - WebDriver start find element -->By.xpath: //button[@aria-label='Next month']
21:44:20.929  INFO  manager.MyListener - WebDriver start find element -->By.xpath: //button[@aria-label='Next month']
21:44:21.053  INFO  manager.MyListener - WebDriver start find element -->By.xpath: //button[@aria-label='Next month']
21:44:21.145  INFO  manager.MyListener - WebDriver start find element -->By.xpath: //button[@aria-label='Next month']
21:44:21.203  INFO  manager.MyListener - WebDriver start find element -->By.xpath: //button[@aria-label='Next month']
21:44:21.289  INFO  manager.MyListener - WebDriver start find element -->By.xpath: //button[@aria-label='Next month']
21:44:21.336  INFO  manager.MyListener - WebDriver start find element -->By.xpath: //button[@aria-label='Next month']
21:44:21.390  INFO  manager.MyListener - WebDriver start find element -->By.xpath: //div[text()=' 10 ']
21:44:21.685  INFO  manager.MyListener - WebDriver start find element -->By.xpath: //button[@aria-label='Next month']
21:44:21.790  INFO  manager.MyListener - WebDriver start find element -->By.xpath: //div[text()=' 15 ']
21:44:21.871  INFO  manager.MyListener - WebDriver start find element -->By.cssSelector: button[type='submit']
21:44:21.970  INFO  manager.MyListener - WebDriver start find element -->By.cssSelector: button[type='submit']
21:44:22.105  INFO  manager.MyListener - New Before find by --> By.cssSelector: .cars-container.ng-star-inserted
