19:06:23.980  INFO  manager.ApplicationManager - All tests run in Chrome Browser
19:06:28.262  INFO  manager.ApplicationManager - Current URL https://ilcarro-1578153671498.web.app/search
19:06:28.339  INFO  tests.BaseTest - Start test with name --->searchAnyPeriod
19:06:28.342  INFO  manager.MyListener - WebDriver start find element -->By.id: city
19:06:28.787  INFO  manager.MyListener - WebDriver start find element -->By.cssSelector: .pac-item
19:06:29.868  INFO  manager.MyListener - WebDriver start find element -->By.id: dates
19:06:30.010  INFO  manager.MyListener - WebDriver start find element -->By.id: dates
19:06:30.081  INFO  manager.MyListener - WebDriver start find element -->By.id: dates
19:06:30.359  INFO  manager.MyListener - WebDriver start find element -->By.xpath: //button[@aria-label='Next month']
19:06:30.517  INFO  manager.MyListener - WebDriver start find element -->By.xpath: //button[@aria-label='Next month']
19:06:30.596  INFO  manager.MyListener - WebDriver start find element -->By.xpath: //button[@aria-label='Next month']
19:06:30.712  INFO  manager.MyListener - WebDriver start find element -->By.xpath: //button[@aria-label='Next month']
19:06:30.944  INFO  manager.MyListener - WebDriver start find element -->By.xpath: //button[@aria-label='Next month']
19:06:31.272  INFO  manager.MyListener - WebDriver start find element -->By.xpath: //button[@aria-label='Next month']
19:06:31.649  INFO  manager.MyListener - WebDriver start find element -->By.xpath: //div[text()=' 10 ']
19:06:32.825  INFO  manager.MyListener - WebDriver start find element -->By.xpath: //button[@aria-label='Next month']
19:06:33.151  INFO  manager.MyListener - WebDriver start find element -->By.xpath: //button[@aria-label='Next month']
19:06:33.244  INFO  manager.MyListener - WebDriver start find element -->By.xpath: //button[@aria-label='Next month']
19:06:33.309  INFO  manager.MyListener - WebDriver start find element -->By.xpath: //button[@aria-label='Next month']
19:06:33.354  INFO  manager.MyListener - WebDriver start find element -->By.xpath: //div[text()=' 25 ']
19:06:33.454  INFO  manager.MyListener - WebDriver start find element -->By.cssSelector: button[type='submit']
19:06:33.522  INFO  manager.MyListener - WebDriver start find element -->By.cssSelector: button[type='submit']
19:06:34.134  INFO  manager.MyListener - New Before find by --> By.cssSelector: .car-img-container.ng-star-inserted
19:06:35.351  INFO  manager.MyListener - WebDriver start find element -->By.cssSelector: .logo
19:06:35.795  INFO  tests.BaseTest - Start test with name --->searchCurrentMonth
19:06:35.796  INFO  manager.MyListener - WebDriver start find element -->By.id: city
19:06:35.997  INFO  manager.MyListener - WebDriver start find element -->By.cssSelector: .pac-item
19:06:36.834  INFO  manager.MyListener - WebDriver start find element -->By.id: dates
19:06:36.911  INFO  manager.MyListener - WebDriver start find element -->By.id: dates
19:06:36.950  INFO  manager.MyListener - WebDriver start find element -->By.id: dates
19:06:37.034  INFO  manager.MyListener - WebDriver start find element -->By.xpath: //div[text()=' 28 ']
19:06:37.158  INFO  manager.MyListener - WebDriver start find element -->By.xpath: //div[text()=' 27 ']
19:06:37.207  INFO  manager.MyListener - WebDriver start find element -->By.cssSelector: button[type='submit']
19:06:41.657  INFO  manager.MyListener - WebDriver start find element -->By.cssSelector: .logo
19:06:42.809  INFO  manager.MyListener - The name of method with error -->click
19:06:42.812  INFO  manager.MyListener - We have a problem ---> org.openqa.selenium.ElementClickInterceptedException: element click intercepted: Element <a _ngcontent-hsx-c25="" href="/" class="logo">...</a> is not clickable at point (236, 34). Other element would receive the click: <div class="cdk-overlay-backdrop mat-overlay-transparent-backdrop cdk-overlay-backdrop-showing"></div>
  (Session info: chrome=100.0.4896.75)
Build info: version: '4.2.2', revision: '683ccb65d6'
System info: host: 'Elenas-MacBook-Air.local', ip: 'fe80:0:0:0:42f:2e40:b7d0:ab91%en0', os.name: 'Mac OS X', os.arch: 'x86_64', os.version: '12.4', java.version: '11.0.15.1'
Driver info: org.openqa.selenium.chrome.ChromeDriver
Command: [173994c52454bc2e966281312ee0102f, clickElement {id=f455706d-ad16-4736-a9ff-4f4ac87f2d38}]
Capabilities {acceptInsecureCerts: false, browserName: chrome, browserVersion: 100.0.4896.75, chrome: {chromedriverVersion: 100.0.4896.60 (6a5d10861ce8..., userDataDir: /var/folders/ml/_zfjgb895b7...}, goog:chromeOptions: {debuggerAddress: localhost:63709}, networkConnectionEnabled: false, pageLoadStrategy: normal, platformName: MAC, proxy: Proxy(), se:cdp: ws://localhost:63709/devtoo..., se:cdpVersion: 100.0.4896.75, setWindowRect: true, strictFileInteractability: false, timeouts: {implicit: 0, pageLoad: 300000, script: 30000}, unhandledPromptBehavior: dismiss and notify, webauthn:extension:credBlob: true, webauthn:extension:largeBlob: true, webauthn:virtualAuthenticators: true}
Element: [[ChromeDriver: chrome on MAC (173994c52454bc2e966281312ee0102f)] -> css selector: .logo]
Session ID: 173994c52454bc2e966281312ee0102f
