14:57:45.817  INFO  manager.ApplicationManager - All tests run in Chrome Browser
14:57:49.384  INFO  manager.ApplicationManager - Current URL https://ilcarro-1578153671498.web.app/search
14:57:49.470  INFO  tests.BaseTest - Start test with name --->searchPeriodPast
14:57:49.474  INFO  manager.MyListener - WebDriver start find element -->By.id: city
14:57:49.838  INFO  manager.MyListener - WebDriver start find element -->By.cssSelector: .pac-item
14:57:50.960  INFO  manager.MyListener - WebDriver start find element -->By.id: dates
14:57:51.095  INFO  manager.MyListener - WebDriver start find element -->By.id: dates
14:57:51.157  INFO  manager.MyListener - WebDriver start find element -->By.id: dates
14:57:52.679  INFO  manager.MyListener - WebDriver start find element -->By.cssSelector: [type='submit']
14:57:52.822  INFO  manager.MyListener - WebDriver start find element -->By.cssSelector: div[class='ng-star-inserted']
14:58:02.898  INFO  manager.MyListener - The name of method with error -->findElement
14:58:02.924  INFO  manager.MyListener - We have a problem ---> org.openqa.selenium.NoSuchElementException: no such element: Unable to locate element: {"method":"css selector","selector":"div[class='ng-star-inserted']"}
  (Session info: chrome=100.0.4896.75)
For documentation on this error, please visit: https://selenium.dev/exceptions/#no_such_element
Build info: version: '4.2.2', revision: '683ccb65d6'
System info: host: 'Elenas-MacBook-Air.local', ip: 'fe80:0:0:0:42a:9cab:327d:2422%en0', os.name: 'Mac OS X', os.arch: 'x86_64', os.version: '12.4', java.version: '11.0.15.1'
Driver info: org.openqa.selenium.chrome.ChromeDriver
Command: [9b6b8eca23b45ff930ca1ea152b6ba19, findElement {using=css selector, value=div[class='ng-star-inserted']}]
Capabilities {acceptInsecureCerts: false, browserName: chrome, browserVersion: 100.0.4896.75, chrome: {chromedriverVersion: 100.0.4896.60 (6a5d10861ce8..., userDataDir: /var/folders/ml/_zfjgb895b7...}, goog:chromeOptions: {debuggerAddress: localhost:62067}, networkConnectionEnabled: false, pageLoadStrategy: normal, platformName: MAC, proxy: Proxy(), se:cdp: ws://localhost:62067/devtoo..., se:cdpVersion: 100.0.4896.75, setWindowRect: true, strictFileInteractability: false, timeouts: {implicit: 0, pageLoad: 300000, script: 30000}, unhandledPromptBehavior: dismiss and notify, webauthn:extension:credBlob: true, webauthn:extension:largeBlob: true, webauthn:virtualAuthenticators: true}
Session ID: 9b6b8eca23b45ff930ca1ea152b6ba19
14:58:02.937  INFO  manager.MyListener - WebDriver start find element -->By.cssSelector: .logo
