19:03:26.697  INFO  manager.ApplicationManager - All tests run in Chrome Browser
19:03:30.121  INFO  manager.ApplicationManager - Current URL https://ilcarro-1578153671498.web.app/search
19:03:30.204  INFO  tests.BaseTest - Start test with name --->searchAnyPeriod
19:03:30.209  INFO  manager.MyListener - WebDriver start find element -->By.id: city
19:03:30.562  INFO  manager.MyListener - WebDriver start find element -->By.cssSelector: .pac-item
19:03:31.628  INFO  manager.MyListener - WebDriver start find element -->By.id: dates
19:03:31.838  INFO  manager.MyListener - WebDriver start find element -->By.id: dates
19:03:31.917  INFO  manager.MyListener - WebDriver start find element -->By.id: dates
19:03:32.182  INFO  manager.MyListener - WebDriver start find element -->By.xpath: //button[@aria-label='Next month']
19:03:32.334  INFO  manager.MyListener - WebDriver start find element -->By.xpath: //button[@aria-label='Next month']
19:03:32.419  INFO  manager.MyListener - WebDriver start find element -->By.xpath: //button[@aria-label='Next month']
19:03:32.555  INFO  manager.MyListener - WebDriver start find element -->By.xpath: //button[@aria-label='Next month']
19:03:32.785  INFO  manager.MyListener - WebDriver start find element -->By.xpath: //button[@aria-label='Next month']
19:03:33.190  INFO  manager.MyListener - WebDriver start find element -->By.xpath: //button[@aria-label='Next month']
19:03:33.300  INFO  manager.MyListener - WebDriver start find element -->By.xpath: //div[text()=' 10 ']
19:03:34.680  INFO  manager.MyListener - WebDriver start find element -->By.xpath: //button[@aria-label='Next month']
19:03:35.150  INFO  manager.MyListener - WebDriver start find element -->By.xpath: //button[@aria-label='Next month']
19:03:35.207  INFO  manager.MyListener - WebDriver start find element -->By.xpath: //button[@aria-label='Next month']
19:03:35.282  INFO  manager.MyListener - WebDriver start find element -->By.xpath: //button[@aria-label='Next month']
19:03:35.330  INFO  manager.MyListener - WebDriver start find element -->By.xpath: //div[text()=' 25 ']
19:03:35.437  INFO  manager.MyListener - WebDriver start find element -->By.cssSelector: button[type='submit']
19:03:35.512  INFO  manager.MyListener - WebDriver start find element -->By.cssSelector: button[type='submit']
19:03:36.145  INFO  manager.MyListener - New Before find by --> By.cssSelector: .car-img-container.ng-star-inserted
19:03:37.323  INFO  manager.MyListener - WebDriver start find element -->By.cssSelector: .logo
19:03:37.812  INFO  tests.BaseTest - Start test with name --->searchCurrentMonth
19:03:37.814  INFO  manager.MyListener - WebDriver start find element -->By.id: city
19:03:37.989  INFO  manager.MyListener - WebDriver start find element -->By.cssSelector: .pac-item
19:03:38.793  INFO  manager.MyListener - WebDriver start find element -->By.id: dates
19:03:38.872  INFO  manager.MyListener - WebDriver start find element -->By.id: dates
19:03:38.916  INFO  manager.MyListener - WebDriver start find element -->By.id: dates
19:03:38.995  INFO  manager.MyListener - WebDriver start find element -->By.xpath: //div[text()=' 28 ']
19:03:39.069  INFO  manager.MyListener - WebDriver start find element -->By.xpath: //div[text()=' 27 ']
19:03:39.182  INFO  manager.MyListener - WebDriver start find element -->By.cssSelector: button[type='submit']
19:03:43.675  INFO  manager.MyListener - WebDriver start find element -->By.cssSelector: .logo
19:03:44.800  INFO  manager.MyListener - The name of method with error -->click
19:03:44.801  INFO  manager.MyListener - We have a problem ---> org.openqa.selenium.ElementClickInterceptedException: element click intercepted: Element <a _ngcontent-qnq-c25="" href="/" class="logo">...</a> is not clickable at point (236, 34). Other element would receive the click: <div class="cdk-overlay-backdrop mat-overlay-transparent-backdrop cdk-overlay-backdrop-showing"></div>
  (Session info: chrome=100.0.4896.75)
Build info: version: '4.2.2', revision: '683ccb65d6'
System info: host: 'Elenas-MacBook-Air.local', ip: 'fe80:0:0:0:42f:2e40:b7d0:ab91%en0', os.name: 'Mac OS X', os.arch: 'x86_64', os.version: '12.4', java.version: '11.0.15.1'
Driver info: org.openqa.selenium.chrome.ChromeDriver
Command: [6a03328e54c283b8bf61a86057b0a5aa, clickElement {id=6b17484a-3b9d-4cc6-9b57-32c8d77c3f0e}]
Capabilities {acceptInsecureCerts: false, browserName: chrome, browserVersion: 100.0.4896.75, chrome: {chromedriverVersion: 100.0.4896.60 (6a5d10861ce8..., userDataDir: /var/folders/ml/_zfjgb895b7...}, goog:chromeOptions: {debuggerAddress: localhost:63664}, networkConnectionEnabled: false, pageLoadStrategy: normal, platformName: MAC, proxy: Proxy(), se:cdp: ws://localhost:63664/devtoo..., se:cdpVersion: 100.0.4896.75, setWindowRect: true, strictFileInteractability: false, timeouts: {implicit: 0, pageLoad: 300000, script: 30000}, unhandledPromptBehavior: dismiss and notify, webauthn:extension:credBlob: true, webauthn:extension:largeBlob: true, webauthn:virtualAuthenticators: true}
Element: [[ChromeDriver: chrome on MAC (6a03328e54c283b8bf61a86057b0a5aa)] -> css selector: .logo]
Session ID: 6a03328e54c283b8bf61a86057b0a5aa
