14:42:00.513  INFO  manager.ApplicationManager - All tests run in Chrome Browser
14:42:04.067  INFO  manager.ApplicationManager - Current URL https://ilcarro-1578153671498.web.app/search
14:42:04.143  INFO  tests.BaseTest - Start test with name --->searchAnyPeriod
14:42:04.146  INFO  manager.MyListener - WebDriver start find element -->By.id: city
14:42:04.487  INFO  manager.MyListener - WebDriver start find element -->By.cssSelector: .pac-item
14:42:05.626  INFO  manager.MyListener - WebDriver start find element -->By.id: dates
14:42:05.909  INFO  manager.MyListener - WebDriver start find element -->By.xpath: //button[@aria-label='Next month']
14:42:06.046  INFO  manager.MyListener - WebDriver start find element -->By.xpath: //button[@aria-label='Next month']
14:42:06.130  INFO  manager.MyListener - WebDriver start find element -->By.xpath: //button[@aria-label='Next month']
14:42:06.206  INFO  manager.MyListener - WebDriver start find element -->By.xpath: //button[@aria-label='Next month']
14:42:06.313  INFO  manager.MyListener - WebDriver start find element -->By.xpath: //button[@aria-label='Next month']
14:42:06.486  INFO  manager.MyListener - WebDriver start find element -->By.xpath: //button[@aria-label='Next month']
14:42:06.820  INFO  manager.MyListener - WebDriver start find element -->By.xpath: //div[text()=' 10 ']
14:42:08.188  INFO  manager.MyListener - WebDriver start find element -->By.xpath: //button[@aria-label='Next month']
14:42:08.621  INFO  manager.MyListener - WebDriver start find element -->By.xpath: //button[@aria-label='Next month']
14:42:08.701  INFO  manager.MyListener - WebDriver start find element -->By.xpath: //button[@aria-label='Next month']
14:42:08.751  INFO  manager.MyListener - WebDriver start find element -->By.xpath: //button[@aria-label='Next month']
14:42:08.839  INFO  manager.MyListener - WebDriver start find element -->By.xpath: //div[text()=' 25 ']
14:42:09.012  INFO  manager.MyListener - WebDriver start find element -->By.cssSelector: button[type='submit']
14:42:09.074  INFO  manager.MyListener - WebDriver start find element -->By.cssSelector: button[type='submit']
14:42:09.660  INFO  manager.MyListener - New Before find by --> By.cssSelector: .car-img-container.ng-star-inserted
14:42:10.426  INFO  manager.MyListener - WebDriver start find element -->By.cssSelector: .logo
14:42:10.886  INFO  tests.BaseTest - Start test with name --->searchCurrentMonth
14:42:10.889  INFO  manager.MyListener - WebDriver start find element -->By.id: dates
14:42:10.962  INFO  manager.MyListener - WebDriver start find element -->By.id: dates
14:42:11.018  INFO  manager.MyListener - WebDriver start find element -->By.id: city
14:42:11.227  INFO  manager.MyListener - WebDriver start find element -->By.cssSelector: .pac-item
14:42:12.008  INFO  manager.MyListener - WebDriver start find element -->By.id: dates
14:42:12.121  INFO  manager.MyListener - WebDriver start find element -->By.xpath: //div[text()=' 27 ']
14:42:12.175  INFO  manager.MyListener - WebDriver start find element -->By.xpath: //div[text()=' 28 ']
14:42:12.250  INFO  manager.MyListener - WebDriver start find element -->By.cssSelector: button[type='submit']
14:42:12.319  INFO  manager.MyListener - WebDriver start find element -->By.cssSelector: button[type='submit']
14:42:12.411  INFO  manager.MyListener - New Before find by --> By.cssSelector: .car-img-container.ng-star-inserted
14:42:13.538  INFO  manager.MyListener - WebDriver start find element -->By.cssSelector: .logo
14:42:13.854  INFO  tests.BaseTest - Start test with name --->searchCurrentYear
14:42:13.856  INFO  manager.MyListener - WebDriver start find element -->By.id: city
14:42:14.003  INFO  manager.MyListener - WebDriver start find element -->By.cssSelector: .pac-item
14:42:15.431  INFO  manager.MyListener - WebDriver start find element -->By.id: dates
14:42:15.557  INFO  manager.MyListener - WebDriver start find element -->By.xpath: //button[@aria-label='Next month']
14:42:15.615  INFO  manager.MyListener - WebDriver start find element -->By.xpath: //div[.=' 10 ']
14:42:15.689  INFO  manager.MyListener - WebDriver start find element -->By.xpath: //button[@aria-label='Next month']
14:42:15.746  INFO  manager.MyListener - WebDriver start find element -->By.xpath: //button[@aria-label='Next month']
14:42:15.805  INFO  manager.MyListener - WebDriver start find element -->By.xpath: //div[.=' 20 ']
14:42:15.893  INFO  manager.MyListener - WebDriver start find element -->By.cssSelector: button[type='submit']
14:42:15.937  INFO  manager.MyListener - WebDriver start find element -->By.cssSelector: button[type='submit']
14:42:16.090  INFO  manager.MyListener - New Before find by --> By.cssSelector: .car-img-container.ng-star-inserted
14:42:17.179  INFO  manager.MyListener - WebDriver start find element -->By.cssSelector: .logo
14:42:17.431  INFO  tests.BaseTest - Start test with name --->searchCurrentYear2
14:42:17.435  INFO  manager.MyListener - WebDriver start find element -->By.id: city
14:42:17.581  INFO  manager.MyListener - WebDriver start find element -->By.cssSelector: .pac-item
14:42:19.023  INFO  manager.MyListener - WebDriver start find element -->By.id: dates
14:42:19.154  INFO  manager.MyListener - WebDriver start find element -->By.xpath: //button[@aria-label='Next month']
14:42:19.204  INFO  manager.MyListener - WebDriver start find element -->By.xpath: //div[.=' 10 ']
14:42:19.257  INFO  manager.MyListener - WebDriver start find element -->By.xpath: //button[@aria-label='Next month']
14:42:19.303  INFO  manager.MyListener - WebDriver start find element -->By.xpath: //button[@aria-label='Next month']
14:42:19.349  INFO  manager.MyListener - WebDriver start find element -->By.xpath: //div[.=' 20 ']
14:42:19.404  INFO  manager.MyListener - WebDriver start find element -->By.cssSelector: button[type='submit']
14:42:19.441  INFO  manager.MyListener - WebDriver start find element -->By.cssSelector: button[type='submit']
14:42:19.532  INFO  manager.MyListener - New Before find by --> By.cssSelector: .car-img-container.ng-star-inserted
14:42:20.535  INFO  manager.MyListener - WebDriver start find element -->By.cssSelector: .logo
14:42:20.783  INFO  tests.BaseTest - Start test with name --->searchCurrentYearLocalDate
14:42:20.785  INFO  manager.MyListener - WebDriver start find element -->By.id: city
14:42:20.963  INFO  manager.MyListener - WebDriver start find element -->By.cssSelector: .pac-item
14:42:21.856  INFO  manager.MyListener - WebDriver start find element -->By.id: dates
14:42:21.976  INFO  manager.MyListener - WebDriver start find element -->By.xpath: //button[@aria-label='Next month']
14:42:22.027  INFO  manager.MyListener - WebDriver start find element -->By.xpath: //div[.=' 10 ']
14:42:22.095  INFO  manager.MyListener - WebDriver start find element -->By.xpath: //button[@aria-label='Next month']
14:42:22.163  INFO  manager.MyListener - WebDriver start find element -->By.xpath: //button[@aria-label='Next month']
14:42:22.216  INFO  manager.MyListener - WebDriver start find element -->By.xpath: //div[.=' 20 ']
14:42:22.271  INFO  manager.MyListener - WebDriver start find element -->By.cssSelector: button[type='submit']
14:42:22.299  INFO  manager.MyListener - WebDriver start find element -->By.cssSelector: button[type='submit']
14:42:22.379  INFO  manager.MyListener - New Before find by --> By.cssSelector: .car-img-container.ng-star-inserted
14:42:23.586  INFO  manager.MyListener - WebDriver start find element -->By.cssSelector: .logo
14:42:23.786  INFO  tests.BaseTest - Start test with name --->searchPeriodPast
14:42:23.787  INFO  manager.MyListener - WebDriver start find element -->By.cssSelector: .logo
