18:40:54.634  INFO  manager.ApplicationManager - All tests run in Chrome Browser
18:40:58.676  INFO  manager.ApplicationManager - Current URL https://ilcarro-1578153671498.web.app/search
18:40:58.763  INFO  tests.BaseTest - Start test with name --->searchPeriodPast
18:40:58.767  INFO  manager.MyListener - WebDriver start find element -->By.id: city
18:40:59.111  INFO  manager.MyListener - WebDriver start find element -->By.cssSelector: .pac-item
18:41:00.151  INFO  manager.MyListener - WebDriver start find element -->By.id: dates
18:41:00.375  INFO  manager.MyListener - WebDriver start find element -->By.id: dates
18:41:00.449  INFO  manager.MyListener - WebDriver start find element -->By.id: dates
18:41:00.724  INFO  manager.MyListener - WebDriver start find element -->By.id: dates
18:41:01.843  INFO  manager.MyListener - The name of method with error -->click
18:41:01.863  INFO  manager.MyListener - We have a problem ---> org.openqa.selenium.ElementClickInterceptedException: element click intercepted: Element <input _ngcontent-aux-c72="" formcontrolname="dates" id="dates" class="ng-pristine ng-invalid ng-touched" aria-haspopup="dialog" min="2022-07-29" max="2023-07-29" aria-owns="sat-datepicker-0"> is not clickable at point (284, 330). Other element would receive the click: <div class="mat-calendar-header">...</div>
  (Session info: chrome=100.0.4896.75)
Build info: version: '4.2.2', revision: '683ccb65d6'
System info: host: 'Elenas-MacBook-Air.local', ip: 'fe80:0:0:0:42f:2e40:b7d0:ab91%en0', os.name: 'Mac OS X', os.arch: 'x86_64', os.version: '12.4', java.version: '11.0.15.1'
Driver info: org.openqa.selenium.chrome.ChromeDriver
Command: [d7dcfe3e04a4726d2ed4319705b15daa, clickElement {id=ed733317-bd21-4cfb-93c8-c1ad537181f8}]
Capabilities {acceptInsecureCerts: false, browserName: chrome, browserVersion: 100.0.4896.75, chrome: {chromedriverVersion: 100.0.4896.60 (6a5d10861ce8..., userDataDir: /var/folders/ml/_zfjgb895b7...}, goog:chromeOptions: {debuggerAddress: localhost:63409}, networkConnectionEnabled: false, pageLoadStrategy: normal, platformName: MAC, proxy: Proxy(), se:cdp: ws://localhost:63409/devtoo..., se:cdpVersion: 100.0.4896.75, setWindowRect: true, strictFileInteractability: false, timeouts: {implicit: 0, pageLoad: 300000, script: 30000}, unhandledPromptBehavior: dismiss and notify, webauthn:extension:credBlob: true, webauthn:extension:largeBlob: true, webauthn:virtualAuthenticators: true}
Element: [[ChromeDriver: chrome on MAC (d7dcfe3e04a4726d2ed4319705b15daa)] -> id: dates]
Session ID: d7dcfe3e04a4726d2ed4319705b15daa
18:41:01.874  INFO  manager.MyListener - WebDriver start find element -->By.cssSelector: .logo
18:41:03.028  INFO  manager.MyListener - The name of method with error -->click
18:41:03.032  INFO  manager.MyListener - We have a problem ---> org.openqa.selenium.ElementClickInterceptedException: element click intercepted: Element <a _ngcontent-aux-c25="" href="/" class="logo">...</a> is not clickable at point (236, 34). Other element would receive the click: <div class="cdk-overlay-backdrop mat-overlay-transparent-backdrop cdk-overlay-backdrop-showing"></div>
  (Session info: chrome=100.0.4896.75)
Build info: version: '4.2.2', revision: '683ccb65d6'
System info: host: 'Elenas-MacBook-Air.local', ip: 'fe80:0:0:0:42f:2e40:b7d0:ab91%en0', os.name: 'Mac OS X', os.arch: 'x86_64', os.version: '12.4', java.version: '11.0.15.1'
Driver info: org.openqa.selenium.chrome.ChromeDriver
Command: [d7dcfe3e04a4726d2ed4319705b15daa, clickElement {id=05ae8e22-308a-43a7-87c6-ec7e039ba66c}]
Capabilities {acceptInsecureCerts: false, browserName: chrome, browserVersion: 100.0.4896.75, chrome: {chromedriverVersion: 100.0.4896.60 (6a5d10861ce8..., userDataDir: /var/folders/ml/_zfjgb895b7...}, goog:chromeOptions: {debuggerAddress: localhost:63409}, networkConnectionEnabled: false, pageLoadStrategy: normal, platformName: MAC, proxy: Proxy(), se:cdp: ws://localhost:63409/devtoo..., se:cdpVersion: 100.0.4896.75, setWindowRect: true, strictFileInteractability: false, timeouts: {implicit: 0, pageLoad: 300000, script: 30000}, unhandledPromptBehavior: dismiss and notify, webauthn:extension:credBlob: true, webauthn:extension:largeBlob: true, webauthn:virtualAuthenticators: true}
Element: [[ChromeDriver: chrome on MAC (d7dcfe3e04a4726d2ed4319705b15daa)] -> css selector: .logo]
Session ID: d7dcfe3e04a4726d2ed4319705b15daa
