21:38:47.253  INFO  manager.ApplicationManager - All tests run in Chrome Browser
21:38:50.682  INFO  manager.ApplicationManager - Current URL https://ilcarro-1578153671498.web.app/search
21:38:50.766  INFO  manager.MyListener - New Before find by --> By.xpath: //a[text()=' Logout ']
21:39:00.835  INFO  manager.MyListener - WebDriver start find element -->By.cssSelector: [href='/login?url=%2Fsearch']
21:39:01.061  INFO  manager.MyListener - WebDriver start find element -->By.cssSelector: #email
21:39:02.382  INFO  manager.MyListener - WebDriver start find element -->By.cssSelector: #password
21:39:02.524  INFO  manager.MyListener - WebDriver start find element -->By.cssSelector: button[type='submit']
21:39:02.602  INFO  manager.MyListener - WebDriver start find element -->By.cssSelector: button[type='submit']
21:39:04.741  INFO  manager.MyListener - WebDriver start find element -->By.cssSelector: div.dialog-container
21:39:04.842  INFO  manager.MyListener - WebDriver start find element -->By.cssSelector: div.dialog-container h1
21:39:04.906  INFO  manager.MyListener - New Before find by --> By.xpath: //button[text()='Ok']
21:39:04.958  INFO  manager.MyListener - WebDriver start find element -->By.xpath: //button[text()='Ok']
21:39:05.038  INFO  manager.MyListener - New Before find by --> By.xpath: //a[text()=' Logout ']
21:39:05.079  INFO  manager.MyListener - WebDriver start find element -->By.id: 1
21:39:06.408  INFO  manager.MyListener - WebDriver start find element -->By.id: pickUpPlace
21:39:07.239  INFO  manager.MyListener - WebDriver start find element -->By.cssSelector: div.pac-item
21:39:08.250  INFO  manager.MyListener - WebDriver start find element -->By.id: make
21:39:08.380  INFO  manager.MyListener - WebDriver start find element -->By.id: model
21:39:08.529  INFO  manager.MyListener - WebDriver start find element -->By.id: year
21:39:08.643  INFO  manager.MyListener - WebDriver start find element -->By.id: engine
21:39:08.740  INFO  manager.MyListener - WebDriver start find element -->By.id: fuel
21:39:08.839  INFO  manager.MyListener - WebDriver start find element -->By.id: gear
21:39:08.924  INFO  manager.MyListener - WebDriver start find element -->By.id: wheelsDrive
21:39:09.013  INFO  manager.MyListener - WebDriver start find element -->By.id: doors
21:39:09.116  INFO  manager.MyListener - WebDriver start find element -->By.id: seats
21:39:09.205  INFO  manager.MyListener - WebDriver start find element -->By.id: class
21:39:09.293  INFO  manager.MyListener - WebDriver start find element -->By.id: fuelConsumption
21:39:09.502  INFO  manager.MyListener - WebDriver start find element -->By.id: serialNumber
21:39:09.635  INFO  manager.MyListener - WebDriver start find element -->By.id: price
21:39:09.905  INFO  manager.MyListener - WebDriver start find element -->By.id: distance
21:39:10.225  INFO  manager.MyListener - WebDriver start find element -->By.cssSelector: input[placeholder='Type feature']
21:39:10.339  INFO  manager.MyListener - WebDriver start find element -->By.id: about
21:39:10.461  INFO  manager.MyListener - WebDriver start find element -->By.id: photos
21:39:10.503  INFO  manager.MyListener - The name of method with error -->sendKeys
21:39:10.516  INFO  manager.MyListener - We have a problem ---> org.openqa.selenium.InvalidArgumentException: invalid argument: File not found : /Users/tayahatum/Qa34/Qa34_IlCarro/auto1.jpeg
  (Session info: chrome=100.0.4896.75)
Build info: version: '4.2.2', revision: '683ccb65d6'
System info: host: 'Elenas-MacBook-Air.local', ip: 'fe80:0:0:0:42f:2e40:b7d0:ab91%en0', os.name: 'Mac OS X', os.arch: 'x86_64', os.version: '12.4', java.version: '11.0.15.1'
Driver info: org.openqa.selenium.chrome.ChromeDriver
Command: [d861dfebb35121dc47c26733467e6810, sendKeysToElement {id=1abc1fee-b3cc-477d-9408-46a9acdcd73b, value=[Ljava.lang.CharSequence;@59636c47}]
Capabilities {acceptInsecureCerts: false, browserName: chrome, browserVersion: 100.0.4896.75, chrome: {chromedriverVersion: 100.0.4896.60 (6a5d10861ce8..., userDataDir: /var/folders/ml/_zfjgb895b7...}, goog:chromeOptions: {debuggerAddress: localhost:64092}, networkConnectionEnabled: false, pageLoadStrategy: normal, platformName: MAC, proxy: Proxy(), se:cdp: ws://localhost:64092/devtoo..., se:cdpVersion: 100.0.4896.75, setWindowRect: true, strictFileInteractability: false, timeouts: {implicit: 0, pageLoad: 300000, script: 30000}, unhandledPromptBehavior: dismiss and notify, webauthn:extension:credBlob: true, webauthn:extension:largeBlob: true, webauthn:virtualAuthenticators: true}
Element: [[ChromeDriver: chrome on MAC (d861dfebb35121dc47c26733467e6810)] -> id: photos]
Session ID: d861dfebb35121dc47c26733467e6810
21:39:10.522  INFO  manager.MyListener - WebDriver start find element -->By.xpath: //button[text()='Search cars']
21:39:20.595  INFO  manager.MyListener - The name of method with error -->findElement
21:39:20.598  INFO  manager.MyListener - We have a problem ---> org.openqa.selenium.NoSuchElementException: no such element: Unable to locate element: {"method":"xpath","selector":"//button[text()='Search cars']"}
  (Session info: chrome=100.0.4896.75)
For documentation on this error, please visit: https://selenium.dev/exceptions/#no_such_element
Build info: version: '4.2.2', revision: '683ccb65d6'
System info: host: 'Elenas-MacBook-Air.local', ip: 'fe80:0:0:0:42f:2e40:b7d0:ab91%en0', os.name: 'Mac OS X', os.arch: 'x86_64', os.version: '12.4', java.version: '11.0.15.1'
Driver info: org.openqa.selenium.chrome.ChromeDriver
Command: [d861dfebb35121dc47c26733467e6810, findElement {using=xpath, value=//button[text()='Search cars']}]
Capabilities {acceptInsecureCerts: false, browserName: chrome, browserVersion: 100.0.4896.75, chrome: {chromedriverVersion: 100.0.4896.60 (6a5d10861ce8..., userDataDir: /var/folders/ml/_zfjgb895b7...}, goog:chromeOptions: {debuggerAddress: localhost:64092}, networkConnectionEnabled: false, pageLoadStrategy: normal, platformName: MAC, proxy: Proxy(), se:cdp: ws://localhost:64092/devtoo..., se:cdpVersion: 100.0.4896.75, setWindowRect: true, strictFileInteractability: false, timeouts: {implicit: 0, pageLoad: 300000, script: 30000}, unhandledPromptBehavior: dismiss and notify, webauthn:extension:credBlob: true, webauthn:extension:largeBlob: true, webauthn:virtualAuthenticators: true}
Session ID: d861dfebb35121dc47c26733467e6810
21:39:20.618  INFO  manager.MyListener - WebDriver start find element -->By.cssSelector: .logo
21:39:21.052  INFO  manager.MyListener - WebDriver start find element -->By.id: city
21:39:21.085  INFO  manager.MyListener - WebDriver start find element -->By.id: city
21:39:21.730  INFO  manager.MyListener - WebDriver start find element -->By.cssSelector: .pac-item
21:39:21.806  INFO  manager.MyListener - WebDriver start find element -->By.id: dates
21:39:21.937  INFO  manager.MyListener - WebDriver start find element -->By.id: dates
21:39:22.227  INFO  manager.MyListener - WebDriver start find element -->By.xpath: //button[@aria-label='Next month']
21:39:22.315  INFO  manager.MyListener - WebDriver start find element -->By.xpath: //button[@aria-label='Next month']
21:39:22.364  INFO  manager.MyListener - WebDriver start find element -->By.xpath: //button[@aria-label='Next month']
21:39:22.410  INFO  manager.MyListener - WebDriver start find element -->By.xpath: //button[@aria-label='Next month']
21:39:22.451  INFO  manager.MyListener - WebDriver start find element -->By.xpath: //button[@aria-label='Next month']
21:39:22.495  INFO  manager.MyListener - WebDriver start find element -->By.xpath: //button[@aria-label='Next month']
21:39:22.639  INFO  manager.MyListener - WebDriver start find element -->By.xpath: //button[@aria-label='Next month']
21:39:22.705  INFO  manager.MyListener - WebDriver start find element -->By.xpath: //button[@aria-label='Next month']
21:39:22.773  INFO  manager.MyListener - WebDriver start find element -->By.xpath: //button[@aria-label='Next month']
21:39:22.859  INFO  manager.MyListener - WebDriver start find element -->By.xpath: //button[@aria-label='Next month']
21:39:22.909  INFO  manager.MyListener - WebDriver start find element -->By.xpath: //button[@aria-label='Next month']
21:39:22.964  INFO  manager.MyListener - WebDriver start find element -->By.xpath: //div[text()=' 10 ']
21:39:23.280  INFO  manager.MyListener - WebDriver start find element -->By.xpath: //button[@aria-label='Next month']
21:39:23.405  INFO  manager.MyListener - WebDriver start find element -->By.xpath: //div[text()=' 15 ']
21:39:23.534  INFO  manager.MyListener - WebDriver start find element -->By.cssSelector: button[type='submit']
21:39:23.571  INFO  manager.MyListener - WebDriver start find element -->By.cssSelector: button[type='submit']
21:39:23.789  INFO  manager.MyListener - New Before find by --> By.cssSelector: .cars-container.ng-star-inserted
