14:24:26.731  INFO  manager.ApplicationManager - All tests run in Chrome Browser
14:24:30.920  INFO  manager.ApplicationManager - Current URL https://ilcarro-1578153671498.web.app/search
14:24:30.997  INFO  tests.BaseTest - Start test with name --->searchAnyPeriod
14:24:31.004  INFO  manager.MyListener - WebDriver start find element -->By.id: city
14:24:31.363  INFO  manager.MyListener - WebDriver start find element -->By.cssSelector: .pac-item
14:24:32.465  INFO  manager.MyListener - WebDriver start find element -->By.id: dates
14:24:32.757  INFO  manager.MyListener - WebDriver start find element -->By.xpath: //button[@aria-label='Next month']
14:24:32.898  INFO  manager.MyListener - WebDriver start find element -->By.xpath: //button[@aria-label='Next month']
14:24:32.974  INFO  manager.MyListener - WebDriver start find element -->By.xpath: //button[@aria-label='Next month']
14:24:33.074  INFO  manager.MyListener - WebDriver start find element -->By.xpath: //button[@aria-label='Next month']
14:24:33.190  INFO  manager.MyListener - WebDriver start find element -->By.xpath: //button[@aria-label='Next month']
14:24:33.395  INFO  manager.MyListener - WebDriver start find element -->By.xpath: //button[@aria-label='Next month']
14:24:33.731  INFO  manager.MyListener - WebDriver start find element -->By.xpath: //div[text()=' 10 ']
14:24:35.123  INFO  manager.MyListener - WebDriver start find element -->By.xpath: //button[@aria-label='Next month']
14:24:35.453  INFO  manager.MyListener - WebDriver start find element -->By.xpath: //button[@aria-label='Next month']
14:24:35.542  INFO  manager.MyListener - WebDriver start find element -->By.xpath: //button[@aria-label='Next month']
14:24:35.587  INFO  manager.MyListener - WebDriver start find element -->By.xpath: //button[@aria-label='Next month']
14:24:35.659  INFO  manager.MyListener - WebDriver start find element -->By.xpath: //div[text()=' 25 ']
14:24:35.807  INFO  manager.MyListener - WebDriver start find element -->By.cssSelector: button[type='submit']
14:24:35.867  INFO  manager.MyListener - WebDriver start find element -->By.cssSelector: button[type='submit']
14:24:36.446  INFO  manager.MyListener - New Before find by --> By.cssSelector: .car-img-container.ng-star-inserted
14:24:37.254  INFO  manager.MyListener - WebDriver start find element -->By.cssSelector: .logo
14:24:37.710  INFO  tests.BaseTest - Start test with name --->searchCurrentMonth
14:24:37.712  INFO  manager.MyListener - WebDriver start find element -->By.id: dates
14:24:37.782  INFO  manager.MyListener - WebDriver start find element -->By.id: dates
14:24:37.851  INFO  manager.MyListener - WebDriver start find element -->By.id: dates
14:24:37.952  INFO  manager.MyListener - WebDriver start find element -->By.id: city
14:24:39.177  INFO  manager.MyListener - The name of method with error -->click
14:24:39.203  INFO  manager.MyListener - We have a problem ---> org.openqa.selenium.ElementClickInterceptedException: element click intercepted: Element <input _ngcontent-htj-c72="" formcontrolname="city" id="city" placeholder="" type="text" class="ng-untouched ng-pristine ng-valid pac-target-input" autocomplete="off"> is not clickable at point (284, 256). Other element would receive the click: <div class="cdk-overlay-backdrop mat-overlay-transparent-backdrop cdk-overlay-backdrop-showing"></div>
  (Session info: chrome=100.0.4896.75)
Build info: version: '4.2.2', revision: '683ccb65d6'
System info: host: 'Elenas-MacBook-Air.local', ip: 'fe80:0:0:0:42a:9cab:327d:2422%en0', os.name: 'Mac OS X', os.arch: 'x86_64', os.version: '12.4', java.version: '11.0.15.1'
Driver info: org.openqa.selenium.chrome.ChromeDriver
Command: [3b2819488221231d990eb28e64622e2f, clickElement {id=5f8a20d9-802e-4671-9f13-60bebe42dccf}]
Capabilities {acceptInsecureCerts: false, browserName: chrome, browserVersion: 100.0.4896.75, chrome: {chromedriverVersion: 100.0.4896.60 (6a5d10861ce8..., userDataDir: /var/folders/ml/_zfjgb895b7...}, goog:chromeOptions: {debuggerAddress: localhost:65171}, networkConnectionEnabled: false, pageLoadStrategy: normal, platformName: MAC, proxy: Proxy(), se:cdp: ws://localhost:65171/devtoo..., se:cdpVersion: 100.0.4896.75, setWindowRect: true, strictFileInteractability: false, timeouts: {implicit: 0, pageLoad: 300000, script: 30000}, unhandledPromptBehavior: dismiss and notify, webauthn:extension:credBlob: true, webauthn:extension:largeBlob: true, webauthn:virtualAuthenticators: true}
Element: [[ChromeDriver: chrome on MAC (3b2819488221231d990eb28e64622e2f)] -> id: city]
Session ID: 3b2819488221231d990eb28e64622e2f
14:24:39.210  INFO  manager.MyListener - WebDriver start find element -->By.cssSelector: .logo
14:24:40.318  INFO  manager.MyListener - The name of method with error -->click
14:24:40.320  INFO  manager.MyListener - We have a problem ---> org.openqa.selenium.ElementClickInterceptedException: element click intercepted: Element <a _ngcontent-htj-c25="" href="/" class="logo">...</a> is not clickable at point (236, 34). Other element would receive the click: <div class="cdk-overlay-backdrop mat-overlay-transparent-backdrop cdk-overlay-backdrop-showing"></div>
  (Session info: chrome=100.0.4896.75)
Build info: version: '4.2.2', revision: '683ccb65d6'
System info: host: 'Elenas-MacBook-Air.local', ip: 'fe80:0:0:0:42a:9cab:327d:2422%en0', os.name: 'Mac OS X', os.arch: 'x86_64', os.version: '12.4', java.version: '11.0.15.1'
Driver info: org.openqa.selenium.chrome.ChromeDriver
Command: [3b2819488221231d990eb28e64622e2f, clickElement {id=218f9040-bfe7-42db-8c7a-aedf06f80781}]
Capabilities {acceptInsecureCerts: false, browserName: chrome, browserVersion: 100.0.4896.75, chrome: {chromedriverVersion: 100.0.4896.60 (6a5d10861ce8..., userDataDir: /var/folders/ml/_zfjgb895b7...}, goog:chromeOptions: {debuggerAddress: localhost:65171}, networkConnectionEnabled: false, pageLoadStrategy: normal, platformName: MAC, proxy: Proxy(), se:cdp: ws://localhost:65171/devtoo..., se:cdpVersion: 100.0.4896.75, setWindowRect: true, strictFileInteractability: false, timeouts: {implicit: 0, pageLoad: 300000, script: 30000}, unhandledPromptBehavior: dismiss and notify, webauthn:extension:credBlob: true, webauthn:extension:largeBlob: true, webauthn:virtualAuthenticators: true}
Element: [[ChromeDriver: chrome on MAC (3b2819488221231d990eb28e64622e2f)] -> css selector: .logo]
Session ID: 3b2819488221231d990eb28e64622e2f
