18:08:08.735  INFO  manager.ApplicationManager - All tests run in Chrome Browser
18:08:10.994  INFO  manager.ApplicationManager - Current URL https://ilcarro-1578153671498.web.app/search
18:08:11.060  INFO  tests.BaseTest - Start test with name --->addNewCarSuccess
18:08:11.062  INFO  manager.MyListener - New Before find by --> By.xpath: //a[text()=' Logout ']
18:08:21.153  INFO  manager.MyListener - WebDriver start find element -->By.cssSelector: [href='/login?url=%2Fsearch']
18:08:21.380  INFO  manager.MyListener - WebDriver start find element -->By.id: email
18:08:21.677  INFO  manager.MyListener - WebDriver start find element -->By.id: password
18:08:21.857  INFO  manager.HelperBase - Login done success
18:08:21.857  INFO  manager.MyListener - New Before find by --> By.xpath: //button[text()='Ok']
18:08:31.905  INFO  manager.MyListener - WebDriver start find element -->By.cssSelector: button[type='submit']
18:08:32.008  INFO  manager.MyListener - WebDriver start find element -->By.cssSelector: button[type='submit']
18:08:32.112  INFO  tests.BaseTest - user
18:08:32.161  INFO  tests.BaseTest - Contact is --->Car(address=Haifa, Israel, make=BMW, model=M5, year=2021, engine=2.5, fuel=Petrol, gear=AT, wD=AWD, doors=5, seats=4, clasS=C, fuelConsumtion=6.5, carRegNumber=111-22-1533, price=65, distanceIncluded=800, features=type of features, about=very nice car)
18:08:32.169  INFO  manager.MyListener - WebDriver start find element -->By.id: 1
18:08:34.444  INFO  manager.MyListener - WebDriver start find element -->By.id: pickUpPlace
18:08:35.463  INFO  manager.MyListener - WebDriver start find element -->By.cssSelector: div.pac-item
18:08:36.465  INFO  manager.MyListener - WebDriver start find element -->By.id: make
18:08:36.609  INFO  manager.MyListener - WebDriver start find element -->By.id: model
18:08:36.716  INFO  manager.MyListener - WebDriver start find element -->By.id: year
18:08:36.905  INFO  manager.MyListener - WebDriver start find element -->By.id: engine
18:08:36.999  INFO  manager.MyListener - WebDriver start find element -->By.id: fuel
18:08:37.271  INFO  manager.MyListener - WebDriver start find element -->By.id: gear
18:08:37.499  INFO  manager.MyListener - WebDriver start find element -->By.id: wheelsDrive
18:08:37.599  INFO  manager.MyListener - WebDriver start find element -->By.id: doors
18:08:37.698  INFO  manager.MyListener - WebDriver start find element -->By.id: seats
18:08:37.811  INFO  manager.MyListener - WebDriver start find element -->By.id: class
18:08:37.989  INFO  manager.MyListener - WebDriver start find element -->By.id: fuelConsumption
18:08:38.142  INFO  manager.MyListener - WebDriver start find element -->By.id: serialNumber
18:08:38.250  INFO  manager.MyListener - WebDriver start find element -->By.id: price
18:08:38.455  INFO  manager.MyListener - WebDriver start find element -->By.id: distance
18:08:38.544  INFO  manager.MyListener - WebDriver start find element -->By.cssSelector: input[placeholder='Type feature']
18:08:38.675  INFO  manager.MyListener - WebDriver start find element -->By.id: about
18:08:38.781  INFO  manager.MyListener - WebDriver start find element -->By.id: photos
18:08:38.964  INFO  manager.MyListener - WebDriver start find element -->By.cssSelector: button[type='submit']
18:08:43.448  INFO  manager.MyListener - WebDriver start find element -->By.cssSelector: button[type='submit']
18:08:45.531  INFO  manager.MyListener - WebDriver start find element -->By.cssSelector: div.dialog-container
18:08:45.619  INFO  manager.MyListener - WebDriver start find element -->By.cssSelector: div.dialog-container h1
18:08:45.670  INFO  manager.MyListener - WebDriver start find element -->By.xpath: //button[text()='Search cars']
18:08:45.751  INFO  tests.BaseTest - Start test with name --->loginSuccess
18:08:45.751  INFO  manager.MyListener - New Before find by --> By.xpath: //a[text()=' Logout ']
18:08:45.767  INFO  manager.MyListener - WebDriver start find element -->By.xpath: //a[text()=' Logout ']
18:08:45.900  INFO  tests.BaseTest - Test start with logout
18:08:45.902  INFO  tests.BaseTest - Test start with email : noa@gmail.com & password: Nnoa12345$
18:08:45.902  INFO  manager.MyListener - WebDriver start find element -->By.cssSelector: [href='/login?url=%2Fsearch']
18:08:45.961  INFO  manager.MyListener - WebDriver start find element -->By.cssSelector: #email
18:08:47.065  INFO  manager.MyListener - WebDriver start find element -->By.cssSelector: #password
18:08:47.149  INFO  manager.MyListener - WebDriver start find element -->By.cssSelector: button[type='submit']
18:08:47.179  INFO  manager.MyListener - WebDriver start find element -->By.cssSelector: button[type='submit']
18:08:49.240  INFO  manager.MyListener - WebDriver start find element -->By.cssSelector: div.dialog-container
18:08:49.283  INFO  manager.MyListener - WebDriver start find element -->By.cssSelector: div.dialog-container h1
18:08:49.315  INFO  tests.BaseTest - Test passed
18:08:49.325  INFO  manager.MyListener - New Before find by --> By.xpath: //button[text()='Ok']
18:08:49.340  INFO  manager.MyListener - WebDriver start find element -->By.xpath: //button[text()='Ok']
18:08:49.377  INFO  tests.BaseTest - Start test with name --->loginSuccess
18:08:49.378  INFO  manager.MyListener - New Before find by --> By.xpath: //a[text()=' Logout ']
18:08:49.391  INFO  manager.MyListener - WebDriver start find element -->By.xpath: //a[text()=' Logout ']
18:08:49.467  INFO  tests.BaseTest - Test start with logout
18:08:49.468  INFO  tests.BaseTest - Test start with email : sonya@gmail.com & password: Ss12345$
18:08:49.468  INFO  manager.MyListener - WebDriver start find element -->By.cssSelector: [href='/login?url=%2Fsearch']
18:08:49.518  INFO  manager.MyListener - WebDriver start find element -->By.cssSelector: #email
18:08:50.551  INFO  manager.MyListener - WebDriver start find element -->By.cssSelector: #password
18:08:50.648  INFO  manager.MyListener - WebDriver start find element -->By.cssSelector: button[type='submit']
18:08:50.681  INFO  manager.MyListener - WebDriver start find element -->By.cssSelector: button[type='submit']
18:08:52.724  INFO  manager.MyListener - WebDriver start find element -->By.cssSelector: div.dialog-container
18:08:52.772  INFO  manager.MyListener - WebDriver start find element -->By.cssSelector: div.dialog-container h1
18:08:52.798  INFO  tests.BaseTest - Test passed
18:08:52.802  INFO  manager.MyListener - New Before find by --> By.xpath: //button[text()='Ok']
18:08:52.814  INFO  manager.MyListener - WebDriver start find element -->By.xpath: //button[text()='Ok']
18:08:52.850  INFO  tests.BaseTest - Start test with name --->loginSuccess
18:08:52.851  INFO  manager.MyListener - New Before find by --> By.xpath: //a[text()=' Logout ']
18:08:52.864  INFO  manager.MyListener - WebDriver start find element -->By.xpath: //a[text()=' Logout ']
18:08:52.917  INFO  tests.BaseTest - Test start with logout
18:08:52.918  INFO  tests.BaseTest - Test start with email : noa@gmail.com & password: Nnoa12345$
18:08:52.918  INFO  manager.MyListener - WebDriver start find element -->By.cssSelector: [href='/login?url=%2Fsearch']
18:08:52.999  INFO  manager.MyListener - WebDriver start find element -->By.cssSelector: #email
18:08:54.027  INFO  manager.MyListener - WebDriver start find element -->By.cssSelector: #password
18:08:54.180  INFO  manager.MyListener - WebDriver start find element -->By.cssSelector: button[type='submit']
18:08:54.214  INFO  manager.MyListener - WebDriver start find element -->By.cssSelector: button[type='submit']
18:08:56.252  INFO  manager.MyListener - WebDriver start find element -->By.cssSelector: div.dialog-container
18:08:56.298  INFO  manager.MyListener - WebDriver start find element -->By.cssSelector: div.dialog-container h1
18:08:56.322  INFO  tests.BaseTest - Test passed
18:08:56.331  INFO  manager.MyListener - New Before find by --> By.xpath: //button[text()='Ok']
18:08:56.350  INFO  manager.MyListener - WebDriver start find element -->By.xpath: //button[text()='Ok']
18:08:56.382  INFO  tests.BaseTest - Start test with name --->loginSuccess
18:08:56.383  INFO  manager.MyListener - New Before find by --> By.xpath: //a[text()=' Logout ']
18:08:56.396  INFO  manager.MyListener - WebDriver start find element -->By.xpath: //a[text()=' Logout ']
18:08:56.485  INFO  tests.BaseTest - Test start with logout
18:08:56.486  INFO  tests.BaseTest - Test start with email : sonya@gmail.com & password: Ss12345$
18:08:56.486  INFO  manager.MyListener - WebDriver start find element -->By.cssSelector: [href='/login?url=%2Fsearch']
18:08:56.535  INFO  manager.MyListener - WebDriver start find element -->By.cssSelector: #email
18:08:57.568  INFO  manager.MyListener - WebDriver start find element -->By.cssSelector: #password
18:08:57.648  INFO  manager.MyListener - WebDriver start find element -->By.cssSelector: button[type='submit']
18:08:57.788  INFO  manager.MyListener - WebDriver start find element -->By.cssSelector: button[type='submit']
18:08:59.956  INFO  manager.MyListener - WebDriver start find element -->By.cssSelector: div.dialog-container
18:09:00.013  INFO  manager.MyListener - WebDriver start find element -->By.cssSelector: div.dialog-container h1
18:09:00.041  INFO  tests.BaseTest - Test passed
18:09:00.043  INFO  manager.MyListener - New Before find by --> By.xpath: //button[text()='Ok']
18:09:00.053  INFO  manager.MyListener - WebDriver start find element -->By.xpath: //button[text()='Ok']
18:09:00.096  INFO  tests.BaseTest - Start test with name --->loginSuccess2
18:09:00.099  INFO  manager.MyListener - New Before find by --> By.xpath: //a[text()=' Logout ']
18:09:00.115  INFO  manager.MyListener - WebDriver start find element -->By.xpath: //a[text()=' Logout ']
18:09:00.274  INFO  tests.BaseTest - Test start with logout
18:09:00.275  INFO  manager.MyListener - WebDriver start find element -->By.cssSelector: [href='/login?url=%2Fsearch']
18:09:00.323  INFO  manager.MyListener - WebDriver start find element -->By.cssSelector: #email
18:09:01.335  INFO  manager.MyListener - WebDriver start find element -->By.cssSelector: #password
18:09:01.492  INFO  manager.MyListener - WebDriver start find element -->By.cssSelector: button[type='submit']
18:09:01.521  INFO  manager.MyListener - WebDriver start find element -->By.cssSelector: button[type='submit']
18:09:03.571  INFO  manager.MyListener - WebDriver start find element -->By.cssSelector: div.dialog-container
18:09:03.622  INFO  manager.MyListener - WebDriver start find element -->By.cssSelector: div.dialog-container h1
18:09:03.671  INFO  manager.MyListener - New Before find by --> By.xpath: //button[text()='Ok']
18:09:03.688  INFO  manager.MyListener - WebDriver start find element -->By.xpath: //button[text()='Ok']
18:09:03.754  INFO  tests.BaseTest - Start test with name --->registrationSuccess
18:09:03.755  INFO  manager.MyListener - New Before find by --> By.xpath: //a[text()=' Logout ']
18:09:03.765  INFO  manager.MyListener - WebDriver start find element -->By.xpath: //a[text()=' Logout ']
18:09:03.860  INFO  manager.MyListener - WebDriver start find element -->By.xpath: //a[text()=' Sign up ']
18:09:03.953  INFO  manager.MyListener - WebDriver start find element -->By.id: name
18:09:04.026  INFO  manager.MyListener - WebDriver start find element -->By.id: lastName
18:09:04.202  INFO  manager.MyListener - WebDriver start find element -->By.id: email
18:09:04.305  INFO  manager.MyListener - WebDriver start find element -->By.id: password
18:09:04.412  INFO  manager.MyListener - WebDriver start find element -->By.cssSelector: label[for='terms-of-use']
18:09:04.472  INFO  manager.MyListener - WebDriver start find element -->By.cssSelector: button[type='submit']
18:09:04.504  INFO  manager.MyListener - WebDriver start find element -->By.cssSelector: button[type='submit']
18:09:06.562  INFO  manager.MyListener - WebDriver start find element -->By.cssSelector: div.dialog-container
18:09:06.604  INFO  manager.MyListener - WebDriver start find element -->By.cssSelector: div.dialog-container h1
18:09:06.627  INFO  manager.MyListener - New Before find by --> By.xpath: //button[text()='Ok']
18:09:06.637  INFO  manager.MyListener - WebDriver start find element -->By.xpath: //button[text()='Ok']
18:09:06.688  INFO  manager.MyListener - New Before find by --> By.xpath: //button[text()='Ok']
18:09:06.705  INFO  manager.MyListener - WebDriver start find element -->By.xpath: //button[text()='Ok']
18:09:06.746  INFO  tests.BaseTest - Start test with name --->registrationWrongPasswordFormatSize
18:09:06.749  INFO  manager.MyListener - New Before find by --> By.xpath: //a[text()=' Logout ']
18:09:06.760  INFO  manager.MyListener - WebDriver start find element -->By.xpath: //a[text()=' Logout ']
18:09:06.925  INFO  manager.MyListener - WebDriver start find element -->By.xpath: //a[text()=' Sign up ']
18:09:06.975  INFO  manager.MyListener - WebDriver start find element -->By.id: name
18:09:07.049  INFO  manager.MyListener - WebDriver start find element -->By.id: lastName
18:09:07.119  INFO  manager.MyListener - WebDriver start find element -->By.id: email
18:09:07.202  INFO  manager.MyListener - WebDriver start find element -->By.id: password
18:09:07.270  INFO  manager.MyListener - WebDriver start find element -->By.cssSelector: label[for='terms-of-use']
18:09:07.303  INFO  manager.MyListener - WebDriver start find element -->By.cssSelector: div.error div:last-child
18:09:07.332  INFO  manager.MyListener - WebDriver start find element -->By.cssSelector: div.error div:first-child
18:09:07.353  INFO  manager.MyListener - New Before find by --> By.cssSelector: button[disabled]
18:09:07.364  INFO  manager.MyListener - WebDriver start find element -->By.cssSelector: [type='submit']
18:09:07.382  INFO  manager.MyListener - New Before find by --> By.xpath: //button[text()='Ok']
18:09:17.438  INFO  tests.BaseTest - Start test with name --->searchAnyPeriod
18:09:17.440  INFO  manager.MyListener - WebDriver start find element -->By.cssSelector: .logo
18:09:18.143  INFO  manager.MyListener - WebDriver start find element -->By.id: city
18:09:18.175  INFO  manager.MyListener - WebDriver start find element -->By.id: city
18:09:18.859  INFO  manager.MyListener - WebDriver start find element -->By.cssSelector: .pac-item
18:09:18.947  INFO  manager.MyListener - WebDriver start find element -->By.id: dates
18:09:19.077  INFO  manager.MyListener - WebDriver start find element -->By.id: dates
18:09:19.385  INFO  manager.MyListener - WebDriver start find element -->By.xpath: //button[@aria-label='Next month']
18:09:19.457  INFO  manager.MyListener - WebDriver start find element -->By.xpath: //button[@aria-label='Next month']
18:09:19.504  INFO  manager.MyListener - WebDriver start find element -->By.xpath: //button[@aria-label='Next month']
18:09:19.553  INFO  manager.MyListener - WebDriver start find element -->By.xpath: //button[@aria-label='Next month']
18:09:19.594  INFO  manager.MyListener - WebDriver start find element -->By.xpath: //button[@aria-label='Next month']
18:09:19.634  INFO  manager.MyListener - WebDriver start find element -->By.xpath: //button[@aria-label='Next month']
18:09:19.728  INFO  manager.MyListener - WebDriver start find element -->By.xpath: //button[@aria-label='Next month']
18:09:19.774  INFO  manager.MyListener - WebDriver start find element -->By.xpath: //button[@aria-label='Next month']
18:09:19.812  INFO  manager.MyListener - WebDriver start find element -->By.xpath: //button[@aria-label='Next month']
18:09:19.899  INFO  manager.MyListener - WebDriver start find element -->By.xpath: //button[@aria-label='Next month']
18:09:19.943  INFO  manager.MyListener - WebDriver start find element -->By.xpath: //button[@aria-label='Next month']
18:09:19.994  INFO  manager.MyListener - WebDriver start find element -->By.xpath: //div[text()=' 10 ']
18:09:20.168  INFO  manager.MyListener - WebDriver start find element -->By.xpath: //button[@aria-label='Next month']
18:09:20.228  INFO  manager.MyListener - WebDriver start find element -->By.xpath: //div[text()=' 15 ']
18:09:20.309  INFO  manager.MyListener - WebDriver start find element -->By.cssSelector: button[type='submit']
18:09:20.344  INFO  manager.MyListener - WebDriver start find element -->By.cssSelector: button[type='submit']
18:09:20.477  INFO  manager.MyListener - New Before find by --> By.cssSelector: .cars-container.ng-star-inserted
18:09:21.809  INFO  tests.BaseTest - Start test with name --->searchCurrentYear
18:09:21.814  INFO  manager.MyListener - WebDriver start find element -->By.cssSelector: .logo
18:09:22.218  INFO  manager.MyListener - WebDriver start find element -->By.id: city
18:09:22.250  INFO  manager.MyListener - WebDriver start find element -->By.id: city
18:09:22.931  INFO  manager.MyListener - WebDriver start find element -->By.cssSelector: .pac-item
18:09:23.002  INFO  manager.MyListener - WebDriver start find element -->By.id: dates
18:09:23.069  INFO  manager.MyListener - WebDriver start find element -->By.id: dates
18:09:23.150  INFO  manager.MyListener - WebDriver start find element -->By.xpath: //button[@aria-label='Next month']
18:09:23.200  INFO  manager.MyListener - WebDriver start find element -->By.xpath: //div[text()=' 10 ']
18:09:23.268  INFO  manager.MyListener - WebDriver start find element -->By.xpath: //div[text()=' 20 ']
18:09:23.335  INFO  manager.MyListener - WebDriver start find element -->By.cssSelector: button[type='submit']
18:09:23.365  INFO  manager.MyListener - WebDriver start find element -->By.cssSelector: button[type='submit']
18:09:23.531  INFO  manager.MyListener - New Before find by --> By.cssSelector: .cars-container.ng-star-inserted
18:09:24.735  INFO  tests.BaseTest - Start test with name --->searchCurrentYearLocalDate
18:09:24.735  INFO  manager.MyListener - WebDriver start find element -->By.cssSelector: .logo
18:09:24.945  INFO  manager.MyListener - WebDriver start find element -->By.id: city
18:09:24.971  INFO  manager.MyListener - WebDriver start find element -->By.id: city
18:09:25.592  INFO  manager.MyListener - WebDriver start find element -->By.cssSelector: .pac-item
18:09:25.669  INFO  manager.MyListener - WebDriver start find element -->By.id: dates
18:09:25.725  INFO  manager.MyListener - WebDriver start find element -->By.id: dates
18:09:25.864  INFO  manager.MyListener - WebDriver start find element -->By.xpath: //button[@aria-label='Next month']
18:09:25.945  INFO  manager.MyListener - WebDriver start find element -->By.xpath: //div[text()=' 10 ']
18:09:25.994  INFO  manager.MyListener - WebDriver start find element -->By.xpath: //button[@aria-label='Next month']
18:09:26.042  INFO  manager.MyListener - WebDriver start find element -->By.xpath: //button[@aria-label='Next month']
18:09:26.104  INFO  manager.MyListener - WebDriver start find element -->By.xpath: //div[text()=' 20 ']
18:09:26.162  INFO  manager.MyListener - WebDriver start find element -->By.cssSelector: button[type='submit']
18:09:26.191  INFO  manager.MyListener - WebDriver start find element -->By.cssSelector: button[type='submit']
18:09:26.969  INFO  manager.MyListener - New Before find by --> By.cssSelector: .cars-container.ng-star-inserted
18:09:28.533  INFO  tests.BaseTest - Start test with name --->searchNextMonth
18:09:28.533  INFO  manager.MyListener - WebDriver start find element -->By.cssSelector: .logo
18:09:29.133  INFO  manager.MyListener - WebDriver start find element -->By.id: city
18:09:29.171  INFO  manager.MyListener - WebDriver start find element -->By.id: city
18:09:29.847  INFO  manager.MyListener - WebDriver start find element -->By.cssSelector: .pac-item
18:09:29.929  INFO  manager.MyListener - WebDriver start find element -->By.id: dates
18:09:30.009  INFO  manager.MyListener - WebDriver start find element -->By.id: dates
18:09:30.134  INFO  manager.MyListener - WebDriver start find element -->By.xpath: //button[@aria-label='Next month']
18:09:30.210  INFO  manager.MyListener - WebDriver start find element -->By.xpath: //div[text()=' 28 ']
18:09:30.260  INFO  manager.MyListener - WebDriver start find element -->By.xpath: //div[text()=' 27 ']
18:09:30.315  INFO  manager.MyListener - WebDriver start find element -->By.cssSelector: button[type='submit']
18:09:30.345  INFO  manager.MyListener - WebDriver start find element -->By.cssSelector: button[type='submit']
18:09:30.433  INFO  manager.MyListener - New Before find by --> By.cssSelector: .cars-container.ng-star-inserted
18:09:31.735  INFO  tests.BaseTest - Start test with name --->searchPeriodPast
18:09:31.735  INFO  manager.MyListener - WebDriver start find element -->By.cssSelector: .logo
18:09:32.071  INFO  manager.MyListener - WebDriver start find element -->By.id: city
18:09:32.096  INFO  manager.MyListener - WebDriver start find element -->By.id: city
18:09:32.715  INFO  manager.MyListener - WebDriver start find element -->By.cssSelector: .pac-item
18:09:32.802  INFO  manager.MyListener - WebDriver start find element -->By.id: dates
18:09:32.861  INFO  manager.MyListener - WebDriver start find element -->By.id: dates
18:09:33.011  INFO  manager.MyListener - WebDriver start find element -->By.cssSelector: .cdk-overlay-container
18:09:33.650  INFO  manager.MyListener - WebDriver start find element -->By.cssSelector: button[type='submit']
18:09:33.696  INFO  manager.MyListener - New Before find by --> By.cssSelector: button[disabled]
18:09:33.713  INFO  manager.MyListener - WebDriver start find element -->By.cssSelector: [type='submit']
18:09:33.729  INFO  manager.MyListener - WebDriver start find element -->By.cssSelector: div.error div
