14:35:29.716  INFO  manager.ApplicationManager - All tests run in Chrome Browser
14:35:33.251  INFO  manager.ApplicationManager - Current URL https://ilcarro-1578153671498.web.app/search
14:35:33.331  INFO  tests.BaseTest - Start test with name --->searchAnyPeriod
14:35:33.334  INFO  manager.MyListener - WebDriver start find element -->By.id: city
14:35:33.671  INFO  manager.MyListener - WebDriver start find element -->By.cssSelector: .pac-item
14:35:34.891  INFO  manager.MyListener - WebDriver start find element -->By.id: dates
14:35:35.187  INFO  manager.MyListener - WebDriver start find element -->By.xpath: //button[@aria-label='Next month']
14:35:35.338  INFO  manager.MyListener - WebDriver start find element -->By.xpath: //button[@aria-label='Next month']
14:35:35.409  INFO  manager.MyListener - WebDriver start find element -->By.xpath: //button[@aria-label='Next month']
14:35:35.488  INFO  manager.MyListener - WebDriver start find element -->By.xpath: //button[@aria-label='Next month']
14:35:35.611  INFO  manager.MyListener - WebDriver start find element -->By.xpath: //button[@aria-label='Next month']
14:35:35.782  INFO  manager.MyListener - WebDriver start find element -->By.xpath: //button[@aria-label='Next month']
14:35:36.073  INFO  manager.MyListener - WebDriver start find element -->By.xpath: //div[text()=' 10 ']
14:35:37.533  INFO  manager.MyListener - WebDriver start find element -->By.xpath: //button[@aria-label='Next month']
14:35:37.912  INFO  manager.MyListener - WebDriver start find element -->By.xpath: //button[@aria-label='Next month']
14:35:37.993  INFO  manager.MyListener - WebDriver start find element -->By.xpath: //button[@aria-label='Next month']
14:35:38.045  INFO  manager.MyListener - WebDriver start find element -->By.xpath: //button[@aria-label='Next month']
14:35:38.192  INFO  manager.MyListener - WebDriver start find element -->By.xpath: //div[text()=' 25 ']
14:35:38.305  INFO  manager.MyListener - WebDriver start find element -->By.cssSelector: button[type='submit']
14:35:38.369  INFO  manager.MyListener - WebDriver start find element -->By.cssSelector: button[type='submit']
14:35:38.975  INFO  manager.MyListener - New Before find by --> By.cssSelector: .car-img-container.ng-star-inserted
14:35:39.740  INFO  manager.MyListener - WebDriver start find element -->By.cssSelector: .logo
14:35:40.170  INFO  tests.BaseTest - Start test with name --->searchCurrentMonth
14:35:40.173  INFO  manager.MyListener - WebDriver start find element -->By.id: dates
14:35:40.247  INFO  manager.MyListener - WebDriver start find element -->By.id: dates
14:35:40.314  INFO  manager.MyListener - WebDriver start find element -->By.id: city
14:35:40.534  INFO  manager.MyListener - WebDriver start find element -->By.cssSelector: .pac-item
14:35:41.374  INFO  manager.MyListener - WebDriver start find element -->By.xpath: //div[text()=' 27 ']
14:35:51.484  INFO  manager.MyListener - The name of method with error -->findElement
14:35:51.510  INFO  manager.MyListener - We have a problem ---> org.openqa.selenium.NoSuchElementException: no such element: Unable to locate element: {"method":"xpath","selector":"//div[text()=' 27 ']"}
  (Session info: chrome=100.0.4896.75)
For documentation on this error, please visit: https://selenium.dev/exceptions/#no_such_element
Build info: version: '4.2.2', revision: '683ccb65d6'
System info: host: 'Elenas-MacBook-Air.local', ip: 'fe80:0:0:0:42a:9cab:327d:2422%en0', os.name: 'Mac OS X', os.arch: 'x86_64', os.version: '12.4', java.version: '11.0.15.1'
Driver info: org.openqa.selenium.chrome.ChromeDriver
Command: [4f635faeb7e6a81c904778ec05821a3c, findElement {using=xpath, value=//div[text()=' 27 ']}]
Capabilities {acceptInsecureCerts: false, browserName: chrome, browserVersion: 100.0.4896.75, chrome: {chromedriverVersion: 100.0.4896.60 (6a5d10861ce8..., userDataDir: /var/folders/ml/_zfjgb895b7...}, goog:chromeOptions: {debuggerAddress: localhost:51589}, networkConnectionEnabled: false, pageLoadStrategy: normal, platformName: MAC, proxy: Proxy(), se:cdp: ws://localhost:51589/devtoo..., se:cdpVersion: 100.0.4896.75, setWindowRect: true, strictFileInteractability: false, timeouts: {implicit: 0, pageLoad: 300000, script: 30000}, unhandledPromptBehavior: dismiss and notify, webauthn:extension:credBlob: true, webauthn:extension:largeBlob: true, webauthn:virtualAuthenticators: true}
Session ID: 4f635faeb7e6a81c904778ec05821a3c
14:35:51.516  INFO  manager.MyListener - WebDriver start find element -->By.cssSelector: .logo
14:35:51.865  INFO  tests.BaseTest - Start test with name --->searchCurrentYear
14:35:51.868  INFO  manager.MyListener - WebDriver start find element -->By.id: city
14:35:52.012  INFO  manager.MyListener - WebDriver start find element -->By.cssSelector: .pac-item
14:35:53.539  INFO  manager.MyListener - WebDriver start find element -->By.id: dates
14:35:53.667  INFO  manager.MyListener - WebDriver start find element -->By.xpath: //button[@aria-label='Next month']
14:35:53.723  INFO  manager.MyListener - WebDriver start find element -->By.xpath: //div[.=' 10 ']
14:35:53.789  INFO  manager.MyListener - WebDriver start find element -->By.xpath: //button[@aria-label='Next month']
14:35:53.845  INFO  manager.MyListener - WebDriver start find element -->By.xpath: //button[@aria-label='Next month']
14:35:53.890  INFO  manager.MyListener - WebDriver start find element -->By.xpath: //div[.=' 20 ']
14:35:53.970  INFO  manager.MyListener - WebDriver start find element -->By.cssSelector: button[type='submit']
14:35:54.013  INFO  manager.MyListener - WebDriver start find element -->By.cssSelector: button[type='submit']
14:35:54.103  INFO  manager.MyListener - New Before find by --> By.cssSelector: .car-img-container.ng-star-inserted
14:35:55.265  INFO  manager.MyListener - WebDriver start find element -->By.cssSelector: .logo
14:35:55.520  INFO  tests.BaseTest - Start test with name --->searchCurrentYear2
14:35:55.522  INFO  manager.MyListener - WebDriver start find element -->By.id: city
14:35:55.677  INFO  manager.MyListener - WebDriver start find element -->By.cssSelector: .pac-item
14:35:57.130  INFO  manager.MyListener - WebDriver start find element -->By.id: dates
14:35:57.258  INFO  manager.MyListener - WebDriver start find element -->By.xpath: //button[@aria-label='Next month']
14:35:57.315  INFO  manager.MyListener - WebDriver start find element -->By.xpath: //div[.=' 10 ']
14:35:57.361  INFO  manager.MyListener - WebDriver start find element -->By.xpath: //button[@aria-label='Next month']
14:35:57.406  INFO  manager.MyListener - WebDriver start find element -->By.xpath: //button[@aria-label='Next month']
14:35:57.500  INFO  manager.MyListener - WebDriver start find element -->By.xpath: //div[.=' 20 ']
14:35:57.570  INFO  manager.MyListener - WebDriver start find element -->By.cssSelector: button[type='submit']
14:35:57.607  INFO  manager.MyListener - WebDriver start find element -->By.cssSelector: button[type='submit']
14:35:57.702  INFO  manager.MyListener - New Before find by --> By.cssSelector: .car-img-container.ng-star-inserted
14:35:58.715  INFO  manager.MyListener - WebDriver start find element -->By.cssSelector: .logo
14:35:58.969  INFO  tests.BaseTest - Start test with name --->searchCurrentYearLocalDate
14:35:58.970  INFO  manager.MyListener - WebDriver start find element -->By.id: city
14:35:59.126  INFO  manager.MyListener - WebDriver start find element -->By.cssSelector: .pac-item
14:36:00.080  INFO  manager.MyListener - WebDriver start find element -->By.id: dates
14:36:00.191  INFO  manager.MyListener - WebDriver start find element -->By.xpath: //button[@aria-label='Next month']
14:36:00.239  INFO  manager.MyListener - WebDriver start find element -->By.xpath: //div[.=' 10 ']
14:36:00.287  INFO  manager.MyListener - WebDriver start find element -->By.xpath: //button[@aria-label='Next month']
14:36:00.340  INFO  manager.MyListener - WebDriver start find element -->By.xpath: //button[@aria-label='Next month']
14:36:00.387  INFO  manager.MyListener - WebDriver start find element -->By.xpath: //div[.=' 20 ']
14:36:00.439  INFO  manager.MyListener - WebDriver start find element -->By.cssSelector: button[type='submit']
14:36:00.472  INFO  manager.MyListener - WebDriver start find element -->By.cssSelector: button[type='submit']
14:36:00.569  INFO  manager.MyListener - New Before find by --> By.cssSelector: .car-img-container.ng-star-inserted
14:36:01.563  INFO  manager.MyListener - WebDriver start find element -->By.cssSelector: .logo
14:36:01.790  INFO  tests.BaseTest - Start test with name --->searchPeriodPast
14:36:01.792  INFO  manager.MyListener - WebDriver start find element -->By.cssSelector: .logo
