17:28:04.061  INFO  manager.ApplicationManager - All tests run in Chrome Browser
17:28:06.273  INFO  manager.ApplicationManager - Current URL https://ilcarro-1578153671498.web.app/search
17:28:06.358  INFO  tests.BaseTest - Start test with name --->addNewCarSuccess
17:28:06.360  INFO  manager.MyListener - New Before find by --> By.xpath: //a[text()=' Logout ']
17:28:16.389  INFO  manager.MyListener - WebDriver start find element -->By.cssSelector: [href='/login?url=%2Fsearch']
17:28:16.613  INFO  manager.MyListener - WebDriver start find element -->By.id: email
17:28:16.932  INFO  manager.MyListener - WebDriver start find element -->By.id: password
17:28:17.072  INFO  manager.HelperBase - Login done success
17:28:17.072  INFO  manager.MyListener - New Before find by --> By.xpath: //button[text()='Ok']
17:28:27.139  INFO  manager.MyListener - WebDriver start find element -->By.cssSelector: button[type='submit']
17:28:27.237  INFO  manager.MyListener - WebDriver start find element -->By.cssSelector: button[type='submit']
17:28:27.365  INFO  tests.BaseTest - user
17:28:27.401  INFO  tests.BaseTest - Contact is --->Car(address=Haifa, Israel, make=BMW, model=M5, year=2021, engine=2.5, fuel=Petrol, gear=AT, wD=AWD, doors=5, seats=4, clasS=C, fuelConsumtion=6.5, carRegNumber=111-22-1994, price=65, distanceIncluded=800, features=type of features, about=very nice car)
17:28:27.408  INFO  manager.MyListener - WebDriver start find element -->By.id: 1
17:28:29.051  INFO  manager.MyListener - WebDriver start find element -->By.id: pickUpPlace
17:28:29.979  INFO  manager.MyListener - WebDriver start find element -->By.cssSelector: div.pac-item
17:28:31.055  INFO  manager.MyListener - WebDriver start find element -->By.id: make
17:28:31.194  INFO  manager.MyListener - WebDriver start find element -->By.id: model
17:28:31.292  INFO  manager.MyListener - WebDriver start find element -->By.id: year
17:28:31.424  INFO  manager.MyListener - WebDriver start find element -->By.id: engine
17:28:31.646  INFO  manager.MyListener - WebDriver start find element -->By.id: fuel
17:28:32.007  INFO  manager.MyListener - WebDriver start find element -->By.id: gear
17:28:32.084  INFO  manager.MyListener - WebDriver start find element -->By.id: wheelsDrive
17:28:32.166  INFO  manager.MyListener - WebDriver start find element -->By.id: doors
17:28:32.268  INFO  manager.MyListener - WebDriver start find element -->By.id: seats
17:28:32.379  INFO  manager.MyListener - WebDriver start find element -->By.id: class
17:28:32.483  INFO  manager.MyListener - WebDriver start find element -->By.id: fuelConsumption
17:28:32.580  INFO  manager.MyListener - WebDriver start find element -->By.id: serialNumber
17:28:32.688  INFO  manager.MyListener - WebDriver start find element -->By.id: price
17:28:32.857  INFO  manager.MyListener - WebDriver start find element -->By.id: distance
17:28:32.941  INFO  manager.MyListener - WebDriver start find element -->By.cssSelector: input[placeholder='Type feature']
17:28:33.032  INFO  manager.MyListener - WebDriver start find element -->By.id: about
17:28:33.214  INFO  manager.MyListener - WebDriver start find element -->By.id: photos
17:28:33.426  INFO  manager.MyListener - WebDriver start find element -->By.cssSelector: button[type='submit']
17:28:35.097  INFO  manager.MyListener - WebDriver start find element -->By.cssSelector: button[type='submit']
17:28:37.187  INFO  manager.MyListener - WebDriver start find element -->By.cssSelector: div.dialog-container
17:28:37.237  INFO  manager.MyListener - WebDriver start find element -->By.cssSelector: div.dialog-container h1
17:28:37.300  INFO  manager.MyListener - WebDriver start find element -->By.xpath: //button[text()='Search cars']
17:28:37.380  INFO  tests.BaseTest - Start test with name --->loginSuccess
17:28:37.380  INFO  manager.MyListener - New Before find by --> By.xpath: //a[text()=' Logout ']
17:28:37.403  INFO  manager.MyListener - WebDriver start find element -->By.xpath: //a[text()=' Logout ']
17:28:37.543  INFO  tests.BaseTest - Test start with logout
17:28:37.544  INFO  tests.BaseTest - Test start with email : noa@gmail.com & password: Nnoa12345$
17:28:37.545  INFO  manager.MyListener - WebDriver start find element -->By.cssSelector: [href='/login?url=%2Fsearch']
17:28:37.612  INFO  manager.MyListener - WebDriver start find element -->By.cssSelector: #email
17:28:38.672  INFO  manager.MyListener - WebDriver start find element -->By.cssSelector: #password
17:28:38.756  INFO  manager.MyListener - WebDriver start find element -->By.cssSelector: button[type='submit']
17:28:38.792  INFO  manager.MyListener - WebDriver start find element -->By.cssSelector: button[type='submit']
17:28:40.845  INFO  manager.MyListener - WebDriver start find element -->By.cssSelector: div.dialog-container
17:28:40.901  INFO  manager.MyListener - WebDriver start find element -->By.cssSelector: div.dialog-container h1
17:28:40.931  INFO  tests.BaseTest - Test passed
17:28:40.938  INFO  manager.MyListener - New Before find by --> By.xpath: //button[text()='Ok']
17:28:40.954  INFO  manager.MyListener - WebDriver start find element -->By.xpath: //button[text()='Ok']
17:28:41.005  INFO  tests.BaseTest - Start test with name --->loginSuccess
17:28:41.006  INFO  manager.MyListener - New Before find by --> By.xpath: //a[text()=' Logout ']
17:28:41.017  INFO  manager.MyListener - WebDriver start find element -->By.xpath: //a[text()=' Logout ']
17:28:41.075  INFO  tests.BaseTest - Test start with logout
17:28:41.076  INFO  tests.BaseTest - Test start with email : sonya@gmail.com & password: Ss12345$
17:28:41.076  INFO  manager.MyListener - WebDriver start find element -->By.cssSelector: [href='/login?url=%2Fsearch']
17:28:41.149  INFO  manager.MyListener - WebDriver start find element -->By.cssSelector: #email
17:28:42.197  INFO  manager.MyListener - WebDriver start find element -->By.cssSelector: #password
17:28:42.404  INFO  manager.MyListener - WebDriver start find element -->By.cssSelector: button[type='submit']
17:28:42.437  INFO  manager.MyListener - WebDriver start find element -->By.cssSelector: button[type='submit']
17:28:44.486  INFO  manager.MyListener - WebDriver start find element -->By.cssSelector: div.dialog-container
17:28:44.537  INFO  manager.MyListener - WebDriver start find element -->By.cssSelector: div.dialog-container h1
17:28:44.569  INFO  tests.BaseTest - Test passed
17:28:44.574  INFO  manager.MyListener - New Before find by --> By.xpath: //button[text()='Ok']
17:28:44.587  INFO  manager.MyListener - WebDriver start find element -->By.xpath: //button[text()='Ok']
17:28:44.623  INFO  tests.BaseTest - Start test with name --->loginSuccess
17:28:44.624  INFO  manager.MyListener - New Before find by --> By.xpath: //a[text()=' Logout ']
17:28:44.637  INFO  manager.MyListener - WebDriver start find element -->By.xpath: //a[text()=' Logout ']
17:28:44.691  INFO  tests.BaseTest - Test start with logout
17:28:44.693  INFO  tests.BaseTest - Test start with email : noa@gmail.com & password: Nnoa12345$
17:28:44.693  INFO  manager.MyListener - WebDriver start find element -->By.cssSelector: [href='/login?url=%2Fsearch']
17:28:44.759  INFO  manager.MyListener - WebDriver start find element -->By.cssSelector: #email
17:28:45.710  INFO  manager.MyListener - WebDriver start find element -->By.cssSelector: #password
17:28:45.795  INFO  manager.MyListener - WebDriver start find element -->By.cssSelector: button[type='submit']
17:28:45.845  INFO  manager.MyListener - WebDriver start find element -->By.cssSelector: button[type='submit']
17:28:47.892  INFO  manager.MyListener - WebDriver start find element -->By.cssSelector: div.dialog-container
17:28:47.938  INFO  manager.MyListener - WebDriver start find element -->By.cssSelector: div.dialog-container h1
17:28:47.962  INFO  tests.BaseTest - Test passed
17:28:47.967  INFO  manager.MyListener - New Before find by --> By.xpath: //button[text()='Ok']
17:28:47.979  INFO  manager.MyListener - WebDriver start find element -->By.xpath: //button[text()='Ok']
17:28:48.016  INFO  tests.BaseTest - Start test with name --->loginSuccess
17:28:48.018  INFO  manager.MyListener - New Before find by --> By.xpath: //a[text()=' Logout ']
17:28:48.032  INFO  manager.MyListener - WebDriver start find element -->By.xpath: //a[text()=' Logout ']
17:28:48.082  INFO  tests.BaseTest - Test start with logout
17:28:48.083  INFO  tests.BaseTest - Test start with email : sonya@gmail.com & password: Ss12345$
17:28:48.083  INFO  manager.MyListener - WebDriver start find element -->By.cssSelector: [href='/login?url=%2Fsearch']
17:28:48.143  INFO  manager.MyListener - WebDriver start find element -->By.cssSelector: #email
17:28:49.178  INFO  manager.MyListener - WebDriver start find element -->By.cssSelector: #password
17:28:49.337  INFO  manager.MyListener - WebDriver start find element -->By.cssSelector: button[type='submit']
17:28:49.374  INFO  manager.MyListener - WebDriver start find element -->By.cssSelector: button[type='submit']
17:28:51.465  INFO  manager.MyListener - WebDriver start find element -->By.cssSelector: div.dialog-container
17:28:51.526  INFO  manager.MyListener - WebDriver start find element -->By.cssSelector: div.dialog-container h1
17:28:51.549  INFO  tests.BaseTest - Test passed
17:28:51.556  INFO  manager.MyListener - New Before find by --> By.xpath: //button[text()='Ok']
17:28:51.568  INFO  manager.MyListener - WebDriver start find element -->By.xpath: //button[text()='Ok']
17:28:51.616  INFO  tests.BaseTest - Start test with name --->loginSuccess2
17:28:51.616  INFO  manager.MyListener - New Before find by --> By.xpath: //a[text()=' Logout ']
17:28:51.631  INFO  manager.MyListener - WebDriver start find element -->By.xpath: //a[text()=' Logout ']
17:28:51.807  INFO  tests.BaseTest - Test start with logout
17:28:51.809  INFO  manager.MyListener - WebDriver start find element -->By.cssSelector: [href='/login?url=%2Fsearch']
17:28:51.863  INFO  manager.MyListener - WebDriver start find element -->By.cssSelector: #email
17:28:52.854  INFO  manager.MyListener - WebDriver start find element -->By.cssSelector: #password
17:28:53.019  INFO  manager.MyListener - WebDriver start find element -->By.cssSelector: button[type='submit']
17:28:53.055  INFO  manager.MyListener - WebDriver start find element -->By.cssSelector: button[type='submit']
17:28:55.109  INFO  manager.MyListener - WebDriver start find element -->By.cssSelector: div.dialog-container
17:28:55.159  INFO  manager.MyListener - WebDriver start find element -->By.cssSelector: div.dialog-container h1
17:28:55.189  INFO  manager.MyListener - New Before find by --> By.xpath: //button[text()='Ok']
17:28:55.207  INFO  manager.MyListener - WebDriver start find element -->By.xpath: //button[text()='Ok']
17:28:55.265  INFO  tests.BaseTest - Start test with name --->registrationSuccess
17:28:55.267  INFO  manager.MyListener - New Before find by --> By.xpath: //a[text()=' Logout ']
17:28:55.277  INFO  manager.MyListener - WebDriver start find element -->By.xpath: //a[text()=' Logout ']
17:28:55.342  INFO  manager.MyListener - WebDriver start find element -->By.xpath: //a[text()=' Sign up ']
17:28:55.515  INFO  manager.MyListener - WebDriver start find element -->By.id: name
17:28:55.617  INFO  manager.MyListener - WebDriver start find element -->By.id: lastName
17:28:55.733  INFO  manager.MyListener - WebDriver start find element -->By.id: email
17:28:55.865  INFO  manager.MyListener - WebDriver start find element -->By.id: password
17:28:55.955  INFO  manager.MyListener - WebDriver start find element -->By.cssSelector: label[for='terms-of-use']
17:28:56.008  INFO  manager.MyListener - WebDriver start find element -->By.cssSelector: button[type='submit']
17:28:56.041  INFO  manager.MyListener - WebDriver start find element -->By.cssSelector: button[type='submit']
17:28:58.087  INFO  manager.MyListener - WebDriver start find element -->By.cssSelector: div.dialog-container
17:28:58.130  INFO  manager.MyListener - WebDriver start find element -->By.cssSelector: div.dialog-container h1
17:28:58.155  INFO  manager.MyListener - New Before find by --> By.xpath: //button[text()='Ok']
17:28:58.170  INFO  manager.MyListener - WebDriver start find element -->By.xpath: //button[text()='Ok']
17:28:58.205  INFO  manager.MyListener - New Before find by --> By.xpath: //button[text()='Ok']
17:28:58.217  INFO  manager.MyListener - WebDriver start find element -->By.xpath: //button[text()='Ok']
17:28:58.256  INFO  tests.BaseTest - Start test with name --->registrationWrongPasswordFormatSize
17:28:58.258  INFO  manager.MyListener - New Before find by --> By.xpath: //a[text()=' Logout ']
17:28:58.272  INFO  manager.MyListener - WebDriver start find element -->By.xpath: //a[text()=' Logout ']
17:28:58.387  INFO  manager.MyListener - WebDriver start find element -->By.xpath: //a[text()=' Sign up ']
17:28:58.470  INFO  manager.MyListener - WebDriver start find element -->By.id: name
17:28:58.545  INFO  manager.MyListener - WebDriver start find element -->By.id: lastName
17:28:58.613  INFO  manager.MyListener - WebDriver start find element -->By.id: email
17:28:58.691  INFO  manager.MyListener - WebDriver start find element -->By.id: password
17:28:58.759  INFO  manager.MyListener - WebDriver start find element -->By.cssSelector: label[for='terms-of-use']
17:28:58.794  INFO  manager.MyListener - WebDriver start find element -->By.cssSelector: div.error div:last-child
17:28:58.820  INFO  manager.MyListener - WebDriver start find element -->By.cssSelector: div.error div:first-child
17:28:58.844  INFO  manager.MyListener - New Before find by --> By.cssSelector: button[disabled]
17:28:58.856  INFO  manager.MyListener - WebDriver start find element -->By.cssSelector: [type='submit']
17:28:58.877  INFO  manager.MyListener - New Before find by --> By.xpath: //button[text()='Ok']
17:29:08.904  INFO  tests.BaseTest - Start test with name --->searchAnyPeriod
17:29:08.906  INFO  manager.MyListener - WebDriver start find element -->By.cssSelector: .logo
17:29:09.572  INFO  manager.MyListener - WebDriver start find element -->By.id: city
17:29:09.593  INFO  manager.MyListener - WebDriver start find element -->By.id: city
17:29:10.300  INFO  manager.MyListener - WebDriver start find element -->By.cssSelector: .pac-item
17:29:10.391  INFO  manager.MyListener - WebDriver start find element -->By.id: dates
17:29:10.511  INFO  manager.MyListener - WebDriver start find element -->By.id: dates
17:29:10.807  INFO  manager.MyListener - WebDriver start find element -->By.xpath: //button[@aria-label='Next month']
17:29:10.884  INFO  manager.MyListener - WebDriver start find element -->By.xpath: //button[@aria-label='Next month']
17:29:10.926  INFO  manager.MyListener - WebDriver start find element -->By.xpath: //button[@aria-label='Next month']
17:29:10.972  INFO  manager.MyListener - WebDriver start find element -->By.xpath: //button[@aria-label='Next month']
17:29:11.010  INFO  manager.MyListener - WebDriver start find element -->By.xpath: //button[@aria-label='Next month']
17:29:11.051  INFO  manager.MyListener - WebDriver start find element -->By.xpath: //button[@aria-label='Next month']
17:29:11.183  INFO  manager.MyListener - WebDriver start find element -->By.xpath: //button[@aria-label='Next month']
17:29:11.229  INFO  manager.MyListener - WebDriver start find element -->By.xpath: //button[@aria-label='Next month']
17:29:11.265  INFO  manager.MyListener - WebDriver start find element -->By.xpath: //button[@aria-label='Next month']
17:29:11.358  INFO  manager.MyListener - WebDriver start find element -->By.xpath: //button[@aria-label='Next month']
17:29:11.411  INFO  manager.MyListener - WebDriver start find element -->By.xpath: //button[@aria-label='Next month']
17:29:11.456  INFO  manager.MyListener - WebDriver start find element -->By.xpath: //div[text()=' 10 ']
17:29:11.615  INFO  manager.MyListener - WebDriver start find element -->By.xpath: //button[@aria-label='Next month']
17:29:11.676  INFO  manager.MyListener - WebDriver start find element -->By.xpath: //div[text()=' 15 ']
17:29:11.747  INFO  manager.MyListener - WebDriver start find element -->By.cssSelector: button[type='submit']
17:29:11.795  INFO  manager.MyListener - WebDriver start find element -->By.cssSelector: button[type='submit']
17:29:11.955  INFO  manager.MyListener - New Before find by --> By.cssSelector: .cars-container.ng-star-inserted
17:29:13.292  INFO  tests.BaseTest - Start test with name --->searchCurrentMonth
17:29:13.294  INFO  manager.MyListener - WebDriver start find element -->By.cssSelector: .logo
17:29:13.699  INFO  manager.MyListener - WebDriver start find element -->By.id: city
17:29:13.744  INFO  manager.MyListener - WebDriver start find element -->By.id: city
17:29:14.397  INFO  manager.MyListener - WebDriver start find element -->By.cssSelector: .pac-item
17:29:14.477  INFO  manager.MyListener - WebDriver start find element -->By.id: dates
17:29:14.548  INFO  manager.MyListener - WebDriver start find element -->By.id: dates
17:29:14.689  INFO  manager.MyListener - WebDriver start find element -->By.xpath: //div[text()=' 29 ']
17:29:14.766  INFO  manager.MyListener - WebDriver start find element -->By.xpath: //div[text()=' 30 ']
17:29:14.837  INFO  manager.MyListener - WebDriver start find element -->By.cssSelector: button[type='submit']
17:29:20.329  INFO  tests.BaseTest - Start test with name --->searchCurrentYearLocalDate
17:29:20.331  INFO  manager.MyListener - WebDriver start find element -->By.cssSelector: .logo
17:29:21.489  INFO  manager.MyListener - The name of method with error -->click
17:29:21.499  INFO  manager.MyListener - We have a problem ---> org.openqa.selenium.ElementClickInterceptedException: element click intercepted: Element <a _ngcontent-nlw-c25="" href="/" class="logo">...</a> is not clickable at point (236, 34). Other element would receive the click: <div class="cdk-overlay-backdrop mat-overlay-transparent-backdrop cdk-overlay-backdrop-showing"></div>
  (Session info: chrome=100.0.4896.75)
Build info: version: '4.2.2', revision: '683ccb65d6'
System info: host: 'Elenas-MacBook-Air.local', ip: 'fe80:0:0:0:42f:2e40:b7d0:ab91%en0', os.name: 'Mac OS X', os.arch: 'x86_64', os.version: '12.4', java.version: '11.0.15.1'
Driver info: org.openqa.selenium.chrome.ChromeDriver
Command: [84ea7394a17d591baad06dff223a37ac, clickElement {id=e092ca20-6462-4723-afb5-96bbc70629bc}]
Capabilities {acceptInsecureCerts: false, browserName: chrome, browserVersion: 100.0.4896.75, chrome: {chromedriverVersion: 100.0.4896.60 (6a5d10861ce8..., userDataDir: /var/folders/ml/_zfjgb895b7...}, goog:chromeOptions: {debuggerAddress: localhost:62173}, networkConnectionEnabled: false, pageLoadStrategy: normal, platformName: MAC, proxy: Proxy(), se:cdp: ws://localhost:62173/devtoo..., se:cdpVersion: 100.0.4896.75, setWindowRect: true, strictFileInteractability: false, timeouts: {implicit: 0, pageLoad: 300000, script: 30000}, unhandledPromptBehavior: dismiss and notify, webauthn:extension:credBlob: true, webauthn:extension:largeBlob: true, webauthn:virtualAuthenticators: true}
Element: [[ChromeDriver: chrome on MAC (84ea7394a17d591baad06dff223a37ac)] -> css selector: .logo]
Session ID: 84ea7394a17d591baad06dff223a37ac
17:29:21.538  INFO  manager.MyListener - WebDriver start find element -->By.cssSelector: .logo
17:29:22.635  INFO  manager.MyListener - The name of method with error -->click
17:29:22.637  INFO  manager.MyListener - We have a problem ---> org.openqa.selenium.ElementClickInterceptedException: element click intercepted: Element <a _ngcontent-nlw-c25="" href="/" class="logo">...</a> is not clickable at point (236, 34). Other element would receive the click: <div class="cdk-overlay-backdrop mat-overlay-transparent-backdrop cdk-overlay-backdrop-showing"></div>
  (Session info: chrome=100.0.4896.75)
Build info: version: '4.2.2', revision: '683ccb65d6'
System info: host: 'Elenas-MacBook-Air.local', ip: 'fe80:0:0:0:42f:2e40:b7d0:ab91%en0', os.name: 'Mac OS X', os.arch: 'x86_64', os.version: '12.4', java.version: '11.0.15.1'
Driver info: org.openqa.selenium.chrome.ChromeDriver
Command: [84ea7394a17d591baad06dff223a37ac, clickElement {id=e092ca20-6462-4723-afb5-96bbc70629bc}]
Capabilities {acceptInsecureCerts: false, browserName: chrome, browserVersion: 100.0.4896.75, chrome: {chromedriverVersion: 100.0.4896.60 (6a5d10861ce8..., userDataDir: /var/folders/ml/_zfjgb895b7...}, goog:chromeOptions: {debuggerAddress: localhost:62173}, networkConnectionEnabled: false, pageLoadStrategy: normal, platformName: MAC, proxy: Proxy(), se:cdp: ws://localhost:62173/devtoo..., se:cdpVersion: 100.0.4896.75, setWindowRect: true, strictFileInteractability: false, timeouts: {implicit: 0, pageLoad: 300000, script: 30000}, unhandledPromptBehavior: dismiss and notify, webauthn:extension:credBlob: true, webauthn:extension:largeBlob: true, webauthn:virtualAuthenticators: true}
Element: [[ChromeDriver: chrome on MAC (84ea7394a17d591baad06dff223a37ac)] -> css selector: .logo]
Session ID: 84ea7394a17d591baad06dff223a37ac
17:29:22.655  INFO  manager.MyListener - WebDriver start find element -->By.cssSelector: .logo
17:29:23.718  INFO  manager.MyListener - The name of method with error -->click
17:29:23.721  INFO  manager.MyListener - We have a problem ---> org.openqa.selenium.ElementClickInterceptedException: element click intercepted: Element <a _ngcontent-nlw-c25="" href="/" class="logo">...</a> is not clickable at point (236, 34). Other element would receive the click: <div class="cdk-overlay-backdrop mat-overlay-transparent-backdrop cdk-overlay-backdrop-showing"></div>
  (Session info: chrome=100.0.4896.75)
Build info: version: '4.2.2', revision: '683ccb65d6'
System info: host: 'Elenas-MacBook-Air.local', ip: 'fe80:0:0:0:42f:2e40:b7d0:ab91%en0', os.name: 'Mac OS X', os.arch: 'x86_64', os.version: '12.4', java.version: '11.0.15.1'
Driver info: org.openqa.selenium.chrome.ChromeDriver
Command: [84ea7394a17d591baad06dff223a37ac, clickElement {id=e092ca20-6462-4723-afb5-96bbc70629bc}]
Capabilities {acceptInsecureCerts: false, browserName: chrome, browserVersion: 100.0.4896.75, chrome: {chromedriverVersion: 100.0.4896.60 (6a5d10861ce8..., userDataDir: /var/folders/ml/_zfjgb895b7...}, goog:chromeOptions: {debuggerAddress: localhost:62173}, networkConnectionEnabled: false, pageLoadStrategy: normal, platformName: MAC, proxy: Proxy(), se:cdp: ws://localhost:62173/devtoo..., se:cdpVersion: 100.0.4896.75, setWindowRect: true, strictFileInteractability: false, timeouts: {implicit: 0, pageLoad: 300000, script: 30000}, unhandledPromptBehavior: dismiss and notify, webauthn:extension:credBlob: true, webauthn:extension:largeBlob: true, webauthn:virtualAuthenticators: true}
Element: [[ChromeDriver: chrome on MAC (84ea7394a17d591baad06dff223a37ac)] -> css selector: .logo]
Session ID: 84ea7394a17d591baad06dff223a37ac
