21:05:11.165  INFO  manager.ApplicationManager - All tests run in Chrome Browser
21:05:15.812  INFO  manager.ApplicationManager - Current URL https://ilcarro-1578153671498.web.app/search
21:05:15.887  INFO  tests.BaseTest - Start test with name --->searchAnyPeriod
21:05:15.890  INFO  manager.MyListener - WebDriver start find element -->By.id: city
21:05:16.242  INFO  manager.MyListener - WebDriver start find element -->By.cssSelector: .pac-item
21:05:17.317  INFO  manager.MyListener - WebDriver start find element -->By.id: dates
21:05:17.723  INFO  manager.MyListener - WebDriver start find element -->By.xpath: //button[@aria-label='Next month']
21:05:17.877  INFO  manager.MyListener - WebDriver start find element -->By.xpath: //button[@aria-label='Next month']
21:05:17.946  INFO  manager.MyListener - WebDriver start find element -->By.xpath: //button[@aria-label='Next month']
21:05:18.026  INFO  manager.MyListener - WebDriver start find element -->By.xpath: //button[@aria-label='Next month']
21:05:18.150  INFO  manager.MyListener - WebDriver start find element -->By.xpath: //button[@aria-label='Next month']
21:05:18.327  INFO  manager.MyListener - WebDriver start find element -->By.xpath: //button[@aria-label='Next month']
21:05:18.613  INFO  manager.MyListener - WebDriver start find element -->By.xpath: //div[text()=' 10 ']
21:05:20.231  INFO  manager.MyListener - WebDriver start find element -->By.xpath: //button[@aria-label='Next month']
21:05:20.676  INFO  manager.MyListener - WebDriver start find element -->By.xpath: //button[@aria-label='Next month']
21:05:20.744  INFO  manager.MyListener - WebDriver start find element -->By.xpath: //button[@aria-label='Next month']
21:05:20.790  INFO  manager.MyListener - WebDriver start find element -->By.xpath: //button[@aria-label='Next month']
21:05:20.897  INFO  manager.MyListener - WebDriver start find element -->By.xpath: //div[text()=' 25 ']
21:05:21.037  INFO  manager.MyListener - WebDriver start find element -->By.cssSelector: button[type='submit']
21:05:21.097  INFO  manager.MyListener - WebDriver start find element -->By.cssSelector: button[type='submit']
21:05:21.726  INFO  manager.MyListener - New Before find by --> By.cssSelector: .car-img-container.ng-star-inserted
21:05:22.552  INFO  manager.MyListener - WebDriver start find element -->By.cssSelector: .logo
