17:21:36.513  INFO  manager.ApplicationManager - All tests run in Chrome Browser
17:21:38.997  INFO  manager.ApplicationManager - Current URL https://ilcarro-1578153671498.web.app/search
17:21:39.064  INFO  tests.BaseTest - Start test with name --->addNewCarSuccess
17:21:39.066  INFO  manager.MyListener - New Before find by --> By.xpath: //a[text()=' Logout ']
17:21:49.140  INFO  manager.MyListener - WebDriver start find element -->By.cssSelector: [href='/login?url=%2Fsearch']
17:21:49.369  INFO  manager.MyListener - WebDriver start find element -->By.id: email
17:21:49.679  INFO  manager.MyListener - WebDriver start find element -->By.id: password
17:21:49.825  INFO  manager.HelperBase - Login done success
17:21:49.826  INFO  manager.MyListener - New Before find by --> By.xpath: //button[text()='Ok']
17:21:59.855  INFO  manager.MyListener - WebDriver start find element -->By.cssSelector: button[type='submit']
17:21:59.961  INFO  manager.MyListener - WebDriver start find element -->By.cssSelector: button[type='submit']
17:22:00.102  INFO  tests.BaseTest - user
17:22:00.145  INFO  tests.BaseTest - Contact is --->Car(address=Haifa, Israel, make=BMW, model=M5, year=2021, engine=2.5, fuel=Petrol, gear=AT, wD=AWD, doors=5, seats=4, clasS=C, fuelConsumtion=6.5, carRegNumber=111-22-1820, price=65, distanceIncluded=800, features=type of features, about=very nice car)
17:22:00.153  INFO  manager.MyListener - WebDriver start find element -->By.id: 1
17:22:01.780  INFO  manager.MyListener - WebDriver start find element -->By.id: pickUpPlace
17:22:02.645  INFO  manager.MyListener - WebDriver start find element -->By.cssSelector: div.pac-item
17:22:03.725  INFO  manager.MyListener - WebDriver start find element -->By.id: make
17:22:03.874  INFO  manager.MyListener - WebDriver start find element -->By.id: model
17:22:03.972  INFO  manager.MyListener - WebDriver start find element -->By.id: year
17:22:04.096  INFO  manager.MyListener - WebDriver start find element -->By.id: engine
17:22:04.212  INFO  manager.MyListener - WebDriver start find element -->By.id: fuel
17:22:04.609  INFO  manager.MyListener - WebDriver start find element -->By.id: gear
17:22:04.707  INFO  manager.MyListener - WebDriver start find element -->By.id: wheelsDrive
17:22:04.796  INFO  manager.MyListener - WebDriver start find element -->By.id: doors
17:22:04.902  INFO  manager.MyListener - WebDriver start find element -->By.id: seats
17:22:05.016  INFO  manager.MyListener - WebDriver start find element -->By.id: class
17:22:05.115  INFO  manager.MyListener - WebDriver start find element -->By.id: fuelConsumption
17:22:05.218  INFO  manager.MyListener - WebDriver start find element -->By.id: serialNumber
17:22:05.315  INFO  manager.MyListener - WebDriver start find element -->By.id: price
17:22:05.495  INFO  manager.MyListener - WebDriver start find element -->By.id: distance
17:22:05.586  INFO  manager.MyListener - WebDriver start find element -->By.cssSelector: input[placeholder='Type feature']
17:22:05.682  INFO  manager.MyListener - WebDriver start find element -->By.id: about
17:22:05.864  INFO  manager.MyListener - WebDriver start find element -->By.id: photos
17:22:06.080  INFO  manager.MyListener - WebDriver start find element -->By.cssSelector: button[type='submit']
17:22:07.758  INFO  manager.MyListener - WebDriver start find element -->By.cssSelector: button[type='submit']
17:22:09.847  INFO  manager.MyListener - WebDriver start find element -->By.cssSelector: div.dialog-container
17:22:09.885  INFO  manager.MyListener - WebDriver start find element -->By.cssSelector: div.dialog-container h1
17:22:09.924  INFO  manager.MyListener - WebDriver start find element -->By.xpath: //button[text()='Search cars']
17:22:10.001  INFO  tests.BaseTest - Start test with name --->loginSuccess
17:22:10.001  INFO  manager.MyListener - New Before find by --> By.xpath: //a[text()=' Logout ']
17:22:10.022  INFO  manager.MyListener - WebDriver start find element -->By.xpath: //a[text()=' Logout ']
17:22:10.180  INFO  tests.BaseTest - Test start with logout
17:22:10.184  INFO  tests.BaseTest - Test start with email : noa@gmail.com & password: Nnoa12345$
17:22:10.184  INFO  manager.MyListener - WebDriver start find element -->By.cssSelector: [href='/login?url=%2Fsearch']
17:22:10.281  INFO  manager.MyListener - WebDriver start find element -->By.cssSelector: #email
17:22:11.345  INFO  manager.MyListener - WebDriver start find element -->By.cssSelector: #password
17:22:11.426  INFO  manager.MyListener - WebDriver start find element -->By.cssSelector: button[type='submit']
17:22:11.457  INFO  manager.MyListener - WebDriver start find element -->By.cssSelector: button[type='submit']
17:22:13.513  INFO  manager.MyListener - WebDriver start find element -->By.cssSelector: div.dialog-container
17:22:13.570  INFO  manager.MyListener - WebDriver start find element -->By.cssSelector: div.dialog-container h1
17:22:13.600  INFO  tests.BaseTest - Test passed
17:22:13.606  INFO  manager.MyListener - New Before find by --> By.xpath: //button[text()='Ok']
17:22:13.622  INFO  manager.MyListener - WebDriver start find element -->By.xpath: //button[text()='Ok']
17:22:13.686  INFO  tests.BaseTest - Start test with name --->loginSuccess
17:22:13.686  INFO  manager.MyListener - New Before find by --> By.xpath: //a[text()=' Logout ']
17:22:13.700  INFO  manager.MyListener - WebDriver start find element -->By.xpath: //a[text()=' Logout ']
17:22:13.778  INFO  tests.BaseTest - Test start with logout
17:22:13.779  INFO  tests.BaseTest - Test start with email : sonya@gmail.com & password: Ss12345$
17:22:13.779  INFO  manager.MyListener - WebDriver start find element -->By.cssSelector: [href='/login?url=%2Fsearch']
17:22:13.837  INFO  manager.MyListener - WebDriver start find element -->By.cssSelector: #email
17:22:14.909  INFO  manager.MyListener - WebDriver start find element -->By.cssSelector: #password
17:22:15.137  INFO  manager.MyListener - WebDriver start find element -->By.cssSelector: button[type='submit']
17:22:15.173  INFO  manager.MyListener - WebDriver start find element -->By.cssSelector: button[type='submit']
17:22:17.219  INFO  manager.MyListener - WebDriver start find element -->By.cssSelector: div.dialog-container
17:22:17.263  INFO  manager.MyListener - WebDriver start find element -->By.cssSelector: div.dialog-container h1
17:22:17.288  INFO  tests.BaseTest - Test passed
17:22:17.294  INFO  manager.MyListener - New Before find by --> By.xpath: //button[text()='Ok']
17:22:17.308  INFO  manager.MyListener - WebDriver start find element -->By.xpath: //button[text()='Ok']
17:22:17.343  INFO  tests.BaseTest - Start test with name --->loginSuccess
17:22:17.343  INFO  manager.MyListener - New Before find by --> By.xpath: //a[text()=' Logout ']
17:22:17.359  INFO  manager.MyListener - WebDriver start find element -->By.xpath: //a[text()=' Logout ']
17:22:17.430  INFO  tests.BaseTest - Test start with logout
17:22:17.431  INFO  tests.BaseTest - Test start with email : noa@gmail.com & password: Nnoa12345$
17:22:17.432  INFO  manager.MyListener - WebDriver start find element -->By.cssSelector: [href='/login?url=%2Fsearch']
17:22:17.493  INFO  manager.MyListener - WebDriver start find element -->By.cssSelector: #email
17:22:18.470  INFO  manager.MyListener - WebDriver start find element -->By.cssSelector: #password
17:22:18.553  INFO  manager.MyListener - WebDriver start find element -->By.cssSelector: button[type='submit']
17:22:18.619  INFO  manager.MyListener - WebDriver start find element -->By.cssSelector: button[type='submit']
17:22:20.664  INFO  manager.MyListener - WebDriver start find element -->By.cssSelector: div.dialog-container
17:22:20.718  INFO  manager.MyListener - WebDriver start find element -->By.cssSelector: div.dialog-container h1
17:22:20.748  INFO  tests.BaseTest - Test passed
17:22:20.750  INFO  manager.MyListener - New Before find by --> By.xpath: //button[text()='Ok']
17:22:20.765  INFO  manager.MyListener - WebDriver start find element -->By.xpath: //button[text()='Ok']
17:22:20.798  INFO  tests.BaseTest - Start test with name --->loginSuccess
17:22:20.798  INFO  manager.MyListener - New Before find by --> By.xpath: //a[text()=' Logout ']
17:22:20.809  INFO  manager.MyListener - WebDriver start find element -->By.xpath: //a[text()=' Logout ']
17:22:20.862  INFO  tests.BaseTest - Test start with logout
17:22:20.865  INFO  tests.BaseTest - Test start with email : sonya@gmail.com & password: Ss12345$
17:22:20.865  INFO  manager.MyListener - WebDriver start find element -->By.cssSelector: [href='/login?url=%2Fsearch']
17:22:20.911  INFO  manager.MyListener - WebDriver start find element -->By.cssSelector: #email
17:22:21.946  INFO  manager.MyListener - WebDriver start find element -->By.cssSelector: #password
17:22:22.100  INFO  manager.MyListener - WebDriver start find element -->By.cssSelector: button[type='submit']
17:22:22.132  INFO  manager.MyListener - WebDriver start find element -->By.cssSelector: button[type='submit']
17:22:24.187  INFO  manager.MyListener - WebDriver start find element -->By.cssSelector: div.dialog-container
17:22:24.232  INFO  manager.MyListener - WebDriver start find element -->By.cssSelector: div.dialog-container h1
17:22:24.255  INFO  tests.BaseTest - Test passed
17:22:24.262  INFO  manager.MyListener - New Before find by --> By.xpath: //button[text()='Ok']
17:22:24.275  INFO  manager.MyListener - WebDriver start find element -->By.xpath: //button[text()='Ok']
17:22:24.317  INFO  tests.BaseTest - Start test with name --->loginSuccess2
17:22:24.320  INFO  manager.MyListener - New Before find by --> By.xpath: //a[text()=' Logout ']
17:22:24.337  INFO  manager.MyListener - WebDriver start find element -->By.xpath: //a[text()=' Logout ']
17:22:24.493  INFO  tests.BaseTest - Test start with logout
17:22:24.495  INFO  manager.MyListener - WebDriver start find element -->By.cssSelector: [href='/login?url=%2Fsearch']
17:22:24.553  INFO  manager.MyListener - WebDriver start find element -->By.cssSelector: #email
17:22:25.639  INFO  manager.MyListener - WebDriver start find element -->By.cssSelector: #password
17:22:25.800  INFO  manager.MyListener - WebDriver start find element -->By.cssSelector: button[type='submit']
17:22:25.834  INFO  manager.MyListener - WebDriver start find element -->By.cssSelector: button[type='submit']
17:22:27.880  INFO  manager.MyListener - WebDriver start find element -->By.cssSelector: div.dialog-container
17:22:27.929  INFO  manager.MyListener - WebDriver start find element -->By.cssSelector: div.dialog-container h1
17:22:27.963  INFO  manager.MyListener - New Before find by --> By.xpath: //button[text()='Ok']
17:22:27.980  INFO  manager.MyListener - WebDriver start find element -->By.xpath: //button[text()='Ok']
17:22:28.040  INFO  tests.BaseTest - Start test with name --->registrationSuccess
17:22:28.041  INFO  manager.MyListener - New Before find by --> By.xpath: //a[text()=' Logout ']
17:22:28.050  INFO  manager.MyListener - WebDriver start find element -->By.xpath: //a[text()=' Logout ']
17:22:28.109  INFO  manager.MyListener - WebDriver start find element -->By.xpath: //a[text()=' Sign up ']
17:22:28.287  INFO  manager.MyListener - WebDriver start find element -->By.id: name
17:22:28.392  INFO  manager.MyListener - WebDriver start find element -->By.id: lastName
17:22:28.493  INFO  manager.MyListener - WebDriver start find element -->By.id: email
17:22:28.613  INFO  manager.MyListener - WebDriver start find element -->By.id: password
17:22:28.711  INFO  manager.MyListener - WebDriver start find element -->By.cssSelector: label[for='terms-of-use']
17:22:28.762  INFO  manager.MyListener - WebDriver start find element -->By.cssSelector: button[type='submit']
17:22:28.798  INFO  manager.MyListener - WebDriver start find element -->By.cssSelector: button[type='submit']
17:22:30.846  INFO  manager.MyListener - WebDriver start find element -->By.cssSelector: div.dialog-container
17:22:30.892  INFO  manager.MyListener - WebDriver start find element -->By.cssSelector: div.dialog-container h1
17:22:30.918  INFO  manager.MyListener - New Before find by --> By.xpath: //button[text()='Ok']
17:22:30.933  INFO  manager.MyListener - WebDriver start find element -->By.xpath: //button[text()='Ok']
17:22:30.967  INFO  manager.MyListener - New Before find by --> By.xpath: //button[text()='Ok']
17:22:30.978  INFO  manager.MyListener - WebDriver start find element -->By.xpath: //button[text()='Ok']
17:22:31.020  INFO  tests.BaseTest - Start test with name --->registrationWrongPasswordFormatSize
17:22:31.023  INFO  manager.MyListener - New Before find by --> By.xpath: //a[text()=' Logout ']
17:22:31.040  INFO  manager.MyListener - WebDriver start find element -->By.xpath: //a[text()=' Logout ']
17:22:31.206  INFO  manager.MyListener - WebDriver start find element -->By.xpath: //a[text()=' Sign up ']
17:22:31.280  INFO  manager.MyListener - WebDriver start find element -->By.id: name
17:22:31.352  INFO  manager.MyListener - WebDriver start find element -->By.id: lastName
17:22:31.421  INFO  manager.MyListener - WebDriver start find element -->By.id: email
17:22:31.501  INFO  manager.MyListener - WebDriver start find element -->By.id: password
17:22:31.575  INFO  manager.MyListener - WebDriver start find element -->By.cssSelector: label[for='terms-of-use']
17:22:31.608  INFO  manager.MyListener - WebDriver start find element -->By.cssSelector: div.error div:last-child
17:22:31.633  INFO  manager.MyListener - WebDriver start find element -->By.cssSelector: div.error div:first-child
17:22:31.661  INFO  manager.MyListener - New Before find by --> By.cssSelector: button[disabled]
17:22:31.674  INFO  manager.MyListener - WebDriver start find element -->By.cssSelector: [type='submit']
17:22:31.695  INFO  manager.MyListener - New Before find by --> By.xpath: //button[text()='Ok']
17:22:41.753  INFO  tests.BaseTest - Start test with name --->searchAnyPeriod
17:22:41.755  INFO  manager.MyListener - WebDriver start find element -->By.cssSelector: .logo
17:22:42.420  INFO  manager.MyListener - WebDriver start find element -->By.id: city
17:22:42.444  INFO  manager.MyListener - WebDriver start find element -->By.id: city
17:22:43.143  INFO  manager.MyListener - WebDriver start find element -->By.cssSelector: .pac-item
17:22:43.229  INFO  manager.MyListener - WebDriver start find element -->By.id: dates
17:22:43.352  INFO  manager.MyListener - WebDriver start find element -->By.id: dates
17:22:43.643  INFO  manager.MyListener - WebDriver start find element -->By.xpath: //button[@aria-label='Next month']
17:22:43.721  INFO  manager.MyListener - WebDriver start find element -->By.xpath: //button[@aria-label='Next month']
17:22:43.762  INFO  manager.MyListener - WebDriver start find element -->By.xpath: //button[@aria-label='Next month']
17:22:43.807  INFO  manager.MyListener - WebDriver start find element -->By.xpath: //button[@aria-label='Next month']
17:22:43.847  INFO  manager.MyListener - WebDriver start find element -->By.xpath: //button[@aria-label='Next month']
17:22:43.887  INFO  manager.MyListener - WebDriver start find element -->By.xpath: //button[@aria-label='Next month']
17:22:44.000  INFO  manager.MyListener - WebDriver start find element -->By.xpath: //button[@aria-label='Next month']
17:22:44.058  INFO  manager.MyListener - WebDriver start find element -->By.xpath: //button[@aria-label='Next month']
17:22:44.099  INFO  manager.MyListener - WebDriver start find element -->By.xpath: //button[@aria-label='Next month']
17:22:44.188  INFO  manager.MyListener - WebDriver start find element -->By.xpath: //button[@aria-label='Next month']
17:22:44.236  INFO  manager.MyListener - WebDriver start find element -->By.xpath: //button[@aria-label='Next month']
17:22:44.290  INFO  manager.MyListener - WebDriver start find element -->By.xpath: //div[text()=' 10 ']
17:22:44.465  INFO  manager.MyListener - WebDriver start find element -->By.xpath: //button[@aria-label='Next month']
17:22:44.521  INFO  manager.MyListener - WebDriver start find element -->By.xpath: //div[text()=' 15 ']
17:22:44.606  INFO  manager.MyListener - WebDriver start find element -->By.cssSelector: button[type='submit']
17:22:44.641  INFO  manager.MyListener - WebDriver start find element -->By.cssSelector: button[type='submit']
17:22:44.771  INFO  manager.MyListener - New Before find by --> By.cssSelector: .cars-container.ng-star-inserted
17:22:46.044  INFO  tests.BaseTest - Start test with name --->searchCurrentMonth
17:22:46.045  INFO  manager.MyListener - WebDriver start find element -->By.cssSelector: .logo
17:22:46.388  INFO  manager.MyListener - WebDriver start find element -->By.id: city
17:22:46.429  INFO  manager.MyListener - WebDriver start find element -->By.id: city
17:22:47.084  INFO  manager.MyListener - WebDriver start find element -->By.cssSelector: .pac-item
17:22:47.192  INFO  manager.MyListener - WebDriver start find element -->By.id: dates
17:22:47.269  INFO  manager.MyListener - WebDriver start find element -->By.id: dates
17:22:47.368  INFO  manager.MyListener - WebDriver start find element -->By.xpath: //div[text()=' 29 ']
17:22:47.429  INFO  manager.MyListener - WebDriver start find element -->By.xpath: //div[text()=' 30 ']
17:22:47.501  INFO  manager.MyListener - WebDriver start find element -->By.cssSelector: button[type='submit']
17:22:52.972  INFO  tests.BaseTest - Start test with name --->searchCurrentYear
17:22:52.975  INFO  manager.MyListener - WebDriver start find element -->By.cssSelector: .logo
17:22:54.083  INFO  manager.MyListener - The name of method with error -->click
17:22:54.086  INFO  manager.MyListener - We have a problem ---> org.openqa.selenium.ElementClickInterceptedException: element click intercepted: Element <a _ngcontent-wyj-c25="" href="/" class="logo">...</a> is not clickable at point (236, 34). Other element would receive the click: <div class="cdk-overlay-backdrop mat-overlay-transparent-backdrop cdk-overlay-backdrop-showing"></div>
  (Session info: chrome=100.0.4896.75)
Build info: version: '4.2.2', revision: '683ccb65d6'
System info: host: 'Elenas-MacBook-Air.local', ip: 'fe80:0:0:0:42f:2e40:b7d0:ab91%en0', os.name: 'Mac OS X', os.arch: 'x86_64', os.version: '12.4', java.version: '11.0.15.1'
Driver info: org.openqa.selenium.chrome.ChromeDriver
Command: [4e6df2dc32f05aa1af69aa138137fa31, clickElement {id=75da1ad5-ad78-4451-9d70-eb32bef24899}]
Capabilities {acceptInsecureCerts: false, browserName: chrome, browserVersion: 100.0.4896.75, chrome: {chromedriverVersion: 100.0.4896.60 (6a5d10861ce8..., userDataDir: /var/folders/ml/_zfjgb895b7...}, goog:chromeOptions: {debuggerAddress: localhost:62016}, networkConnectionEnabled: false, pageLoadStrategy: normal, platformName: MAC, proxy: Proxy(), se:cdp: ws://localhost:62016/devtoo..., se:cdpVersion: 100.0.4896.75, setWindowRect: true, strictFileInteractability: false, timeouts: {implicit: 0, pageLoad: 300000, script: 30000}, unhandledPromptBehavior: dismiss and notify, webauthn:extension:credBlob: true, webauthn:extension:largeBlob: true, webauthn:virtualAuthenticators: true}
Element: [[ChromeDriver: chrome on MAC (4e6df2dc32f05aa1af69aa138137fa31)] -> css selector: .logo]
Session ID: 4e6df2dc32f05aa1af69aa138137fa31
17:22:54.113  INFO  manager.MyListener - WebDriver start find element -->By.cssSelector: .logo
17:22:55.208  INFO  manager.MyListener - The name of method with error -->click
17:22:55.209  INFO  manager.MyListener - We have a problem ---> org.openqa.selenium.ElementClickInterceptedException: element click intercepted: Element <a _ngcontent-wyj-c25="" href="/" class="logo">...</a> is not clickable at point (236, 34). Other element would receive the click: <div class="cdk-overlay-backdrop mat-overlay-transparent-backdrop cdk-overlay-backdrop-showing"></div>
  (Session info: chrome=100.0.4896.75)
Build info: version: '4.2.2', revision: '683ccb65d6'
System info: host: 'Elenas-MacBook-Air.local', ip: 'fe80:0:0:0:42f:2e40:b7d0:ab91%en0', os.name: 'Mac OS X', os.arch: 'x86_64', os.version: '12.4', java.version: '11.0.15.1'
Driver info: org.openqa.selenium.chrome.ChromeDriver
Command: [4e6df2dc32f05aa1af69aa138137fa31, clickElement {id=75da1ad5-ad78-4451-9d70-eb32bef24899}]
Capabilities {acceptInsecureCerts: false, browserName: chrome, browserVersion: 100.0.4896.75, chrome: {chromedriverVersion: 100.0.4896.60 (6a5d10861ce8..., userDataDir: /var/folders/ml/_zfjgb895b7...}, goog:chromeOptions: {debuggerAddress: localhost:62016}, networkConnectionEnabled: false, pageLoadStrategy: normal, platformName: MAC, proxy: Proxy(), se:cdp: ws://localhost:62016/devtoo..., se:cdpVersion: 100.0.4896.75, setWindowRect: true, strictFileInteractability: false, timeouts: {implicit: 0, pageLoad: 300000, script: 30000}, unhandledPromptBehavior: dismiss and notify, webauthn:extension:credBlob: true, webauthn:extension:largeBlob: true, webauthn:virtualAuthenticators: true}
Element: [[ChromeDriver: chrome on MAC (4e6df2dc32f05aa1af69aa138137fa31)] -> css selector: .logo]
Session ID: 4e6df2dc32f05aa1af69aa138137fa31
17:22:55.221  INFO  manager.MyListener - WebDriver start find element -->By.cssSelector: .logo
17:22:56.278  INFO  manager.MyListener - The name of method with error -->click
17:22:56.279  INFO  manager.MyListener - We have a problem ---> org.openqa.selenium.ElementClickInterceptedException: element click intercepted: Element <a _ngcontent-wyj-c25="" href="/" class="logo">...</a> is not clickable at point (236, 34). Other element would receive the click: <div class="cdk-overlay-backdrop mat-overlay-transparent-backdrop cdk-overlay-backdrop-showing"></div>
  (Session info: chrome=100.0.4896.75)
Build info: version: '4.2.2', revision: '683ccb65d6'
System info: host: 'Elenas-MacBook-Air.local', ip: 'fe80:0:0:0:42f:2e40:b7d0:ab91%en0', os.name: 'Mac OS X', os.arch: 'x86_64', os.version: '12.4', java.version: '11.0.15.1'
Driver info: org.openqa.selenium.chrome.ChromeDriver
Command: [4e6df2dc32f05aa1af69aa138137fa31, clickElement {id=75da1ad5-ad78-4451-9d70-eb32bef24899}]
Capabilities {acceptInsecureCerts: false, browserName: chrome, browserVersion: 100.0.4896.75, chrome: {chromedriverVersion: 100.0.4896.60 (6a5d10861ce8..., userDataDir: /var/folders/ml/_zfjgb895b7...}, goog:chromeOptions: {debuggerAddress: localhost:62016}, networkConnectionEnabled: false, pageLoadStrategy: normal, platformName: MAC, proxy: Proxy(), se:cdp: ws://localhost:62016/devtoo..., se:cdpVersion: 100.0.4896.75, setWindowRect: true, strictFileInteractability: false, timeouts: {implicit: 0, pageLoad: 300000, script: 30000}, unhandledPromptBehavior: dismiss and notify, webauthn:extension:credBlob: true, webauthn:extension:largeBlob: true, webauthn:virtualAuthenticators: true}
Element: [[ChromeDriver: chrome on MAC (4e6df2dc32f05aa1af69aa138137fa31)] -> css selector: .logo]
Session ID: 4e6df2dc32f05aa1af69aa138137fa31
17:22:56.292  INFO  manager.MyListener - WebDriver start find element -->By.cssSelector: .logo
17:22:57.389  INFO  manager.MyListener - The name of method with error -->click
17:22:57.391  INFO  manager.MyListener - We have a problem ---> org.openqa.selenium.ElementClickInterceptedException: element click intercepted: Element <a _ngcontent-wyj-c25="" href="/" class="logo">...</a> is not clickable at point (236, 34). Other element would receive the click: <div class="cdk-overlay-backdrop mat-overlay-transparent-backdrop cdk-overlay-backdrop-showing"></div>
  (Session info: chrome=100.0.4896.75)
Build info: version: '4.2.2', revision: '683ccb65d6'
System info: host: 'Elenas-MacBook-Air.local', ip: 'fe80:0:0:0:42f:2e40:b7d0:ab91%en0', os.name: 'Mac OS X', os.arch: 'x86_64', os.version: '12.4', java.version: '11.0.15.1'
Driver info: org.openqa.selenium.chrome.ChromeDriver
Command: [4e6df2dc32f05aa1af69aa138137fa31, clickElement {id=75da1ad5-ad78-4451-9d70-eb32bef24899}]
Capabilities {acceptInsecureCerts: false, browserName: chrome, browserVersion: 100.0.4896.75, chrome: {chromedriverVersion: 100.0.4896.60 (6a5d10861ce8..., userDataDir: /var/folders/ml/_zfjgb895b7...}, goog:chromeOptions: {debuggerAddress: localhost:62016}, networkConnectionEnabled: false, pageLoadStrategy: normal, platformName: MAC, proxy: Proxy(), se:cdp: ws://localhost:62016/devtoo..., se:cdpVersion: 100.0.4896.75, setWindowRect: true, strictFileInteractability: false, timeouts: {implicit: 0, pageLoad: 300000, script: 30000}, unhandledPromptBehavior: dismiss and notify, webauthn:extension:credBlob: true, webauthn:extension:largeBlob: true, webauthn:virtualAuthenticators: true}
Element: [[ChromeDriver: chrome on MAC (4e6df2dc32f05aa1af69aa138137fa31)] -> css selector: .logo]
Session ID: 4e6df2dc32f05aa1af69aa138137fa31
