22:03:45.956  INFO  manager.ApplicationManager - All tests run in Chrome Browser
22:03:49.497  INFO  manager.ApplicationManager - Current URL https://ilcarro-1578153671498.web.app/search
22:03:49.584  INFO  tests.BaseTest - Start test with name --->searchPeriodPast
22:03:49.587  INFO  manager.MyListener - WebDriver start find element -->By.id: city
22:03:49.954  INFO  manager.MyListener - WebDriver start find element -->By.cssSelector: .pac-item
22:03:51.033  INFO  manager.MyListener - WebDriver start find element -->By.id: dates
22:03:51.201  INFO  manager.MyListener - WebDriver start find element -->By.id: dates
22:03:51.302  INFO  manager.MyListener - WebDriver start find element -->By.id: dates
22:03:51.723  INFO  manager.MyListener - WebDriver start find element -->By.cssSelector: [type='submit']
22:03:53.912  INFO  manager.MyListener - WebDriver start find element -->By.xpath: //div[@class='ng-star-inserted']
22:04:04.009  INFO  manager.MyListener - The name of method with error -->findElement
22:04:04.030  INFO  manager.MyListener - We have a problem ---> org.openqa.selenium.NoSuchElementException: no such element: Unable to locate element: {"method":"xpath","selector":"//div[@class='ng-star-inserted']"}
  (Session info: chrome=100.0.4896.75)
For documentation on this error, please visit: https://selenium.dev/exceptions/#no_such_element
Build info: version: '4.2.2', revision: '683ccb65d6'
System info: host: 'Elenas-MacBook-Air.local', ip: 'fe80:0:0:0:42a:9cab:327d:2422%en0', os.name: 'Mac OS X', os.arch: 'x86_64', os.version: '12.4', java.version: '11.0.15.1'
Driver info: org.openqa.selenium.chrome.ChromeDriver
Command: [5f089bf8d2b8380d5fc075d7d3f2dfd9, findElement {using=xpath, value=//div[@class='ng-star-inserted']}]
Capabilities {acceptInsecureCerts: false, browserName: chrome, browserVersion: 100.0.4896.75, chrome: {chromedriverVersion: 100.0.4896.60 (6a5d10861ce8..., userDataDir: /var/folders/ml/_zfjgb895b7...}, goog:chromeOptions: {debuggerAddress: localhost:60421}, networkConnectionEnabled: false, pageLoadStrategy: normal, platformName: MAC, proxy: Proxy(), se:cdp: ws://localhost:60421/devtoo..., se:cdpVersion: 100.0.4896.75, setWindowRect: true, strictFileInteractability: false, timeouts: {implicit: 0, pageLoad: 300000, script: 30000}, unhandledPromptBehavior: dismiss and notify, webauthn:extension:credBlob: true, webauthn:extension:largeBlob: true, webauthn:virtualAuthenticators: true}
Session ID: 5f089bf8d2b8380d5fc075d7d3f2dfd9
22:04:04.043  INFO  manager.MyListener - WebDriver start find element -->By.cssSelector: .logo
