14:37:18.564  INFO  manager.ApplicationManager - All tests run in Chrome Browser
14:37:21.949  INFO  manager.ApplicationManager - Current URL https://ilcarro-1578153671498.web.app/search
14:37:22.026  INFO  tests.BaseTest - Start test with name --->searchAnyPeriod
14:37:22.031  INFO  manager.MyListener - WebDriver start find element -->By.id: city
14:37:22.376  INFO  manager.MyListener - WebDriver start find element -->By.cssSelector: .pac-item
14:37:23.597  INFO  manager.MyListener - WebDriver start find element -->By.id: dates
14:37:23.891  INFO  manager.MyListener - WebDriver start find element -->By.xpath: //button[@aria-label='Next month']
14:37:24.023  INFO  manager.MyListener - WebDriver start find element -->By.xpath: //button[@aria-label='Next month']
14:37:24.090  INFO  manager.MyListener - WebDriver start find element -->By.xpath: //button[@aria-label='Next month']
14:37:24.151  INFO  manager.MyListener - WebDriver start find element -->By.xpath: //button[@aria-label='Next month']
14:37:24.276  INFO  manager.MyListener - WebDriver start find element -->By.xpath: //button[@aria-label='Next month']
14:37:24.484  INFO  manager.MyListener - WebDriver start find element -->By.xpath: //button[@aria-label='Next month']
14:37:25.133  INFO  manager.MyListener - WebDriver start find element -->By.xpath: //div[text()=' 10 ']
14:37:26.248  INFO  manager.MyListener - WebDriver start find element -->By.xpath: //button[@aria-label='Next month']
14:37:26.630  INFO  manager.MyListener - WebDriver start find element -->By.xpath: //button[@aria-label='Next month']
14:37:26.711  INFO  manager.MyListener - WebDriver start find element -->By.xpath: //button[@aria-label='Next month']
14:37:26.762  INFO  manager.MyListener - WebDriver start find element -->By.xpath: //button[@aria-label='Next month']
14:37:26.860  INFO  manager.MyListener - WebDriver start find element -->By.xpath: //div[text()=' 25 ']
14:37:26.984  INFO  manager.MyListener - WebDriver start find element -->By.cssSelector: button[type='submit']
14:37:27.051  INFO  manager.MyListener - WebDriver start find element -->By.cssSelector: button[type='submit']
14:37:27.658  INFO  manager.MyListener - New Before find by --> By.cssSelector: .car-img-container.ng-star-inserted
14:37:28.624  INFO  manager.MyListener - WebDriver start find element -->By.cssSelector: .logo
14:37:29.072  INFO  tests.BaseTest - Start test with name --->searchCurrentMonth
14:37:29.074  INFO  manager.MyListener - WebDriver start find element -->By.id: city
14:37:29.266  INFO  manager.MyListener - WebDriver start find element -->By.cssSelector: .pac-item
14:37:30.066  INFO  manager.MyListener - WebDriver start find element -->By.xpath: //div[text()=' 27 ']
14:37:40.154  INFO  manager.MyListener - The name of method with error -->findElement
14:37:40.178  INFO  manager.MyListener - We have a problem ---> org.openqa.selenium.NoSuchElementException: no such element: Unable to locate element: {"method":"xpath","selector":"//div[text()=' 27 ']"}
  (Session info: chrome=100.0.4896.75)
For documentation on this error, please visit: https://selenium.dev/exceptions/#no_such_element
Build info: version: '4.2.2', revision: '683ccb65d6'
System info: host: 'Elenas-MacBook-Air.local', ip: 'fe80:0:0:0:42a:9cab:327d:2422%en0', os.name: 'Mac OS X', os.arch: 'x86_64', os.version: '12.4', java.version: '11.0.15.1'
Driver info: org.openqa.selenium.chrome.ChromeDriver
Command: [c1b71189429eac7f0e3271df9047a0fc, findElement {using=xpath, value=//div[text()=' 27 ']}]
Capabilities {acceptInsecureCerts: false, browserName: chrome, browserVersion: 100.0.4896.75, chrome: {chromedriverVersion: 100.0.4896.60 (6a5d10861ce8..., userDataDir: /var/folders/ml/_zfjgb895b7...}, goog:chromeOptions: {debuggerAddress: localhost:52078}, networkConnectionEnabled: false, pageLoadStrategy: normal, platformName: MAC, proxy: Proxy(), se:cdp: ws://localhost:52078/devtoo..., se:cdpVersion: 100.0.4896.75, setWindowRect: true, strictFileInteractability: false, timeouts: {implicit: 0, pageLoad: 300000, script: 30000}, unhandledPromptBehavior: dismiss and notify, webauthn:extension:credBlob: true, webauthn:extension:largeBlob: true, webauthn:virtualAuthenticators: true}
Session ID: c1b71189429eac7f0e3271df9047a0fc
14:37:40.182  INFO  manager.MyListener - WebDriver start find element -->By.cssSelector: .logo
14:37:40.510  INFO  tests.BaseTest - Start test with name --->searchCurrentYear
14:37:40.511  INFO  manager.MyListener - WebDriver start find element -->By.id: city
14:37:40.660  INFO  manager.MyListener - WebDriver start find element -->By.cssSelector: .pac-item
14:37:42.157  INFO  manager.MyListener - WebDriver start find element -->By.id: dates
14:37:42.281  INFO  manager.MyListener - WebDriver start find element -->By.xpath: //button[@aria-label='Next month']
14:37:42.346  INFO  manager.MyListener - WebDriver start find element -->By.xpath: //div[.=' 10 ']
14:37:42.426  INFO  manager.MyListener - WebDriver start find element -->By.xpath: //button[@aria-label='Next month']
14:37:42.483  INFO  manager.MyListener - WebDriver start find element -->By.xpath: //button[@aria-label='Next month']
14:37:42.521  INFO  manager.MyListener - WebDriver start find element -->By.xpath: //div[.=' 20 ']
14:37:42.589  INFO  manager.MyListener - WebDriver start find element -->By.cssSelector: button[type='submit']
14:37:42.620  INFO  manager.MyListener - WebDriver start find element -->By.cssSelector: button[type='submit']
14:37:42.717  INFO  manager.MyListener - New Before find by --> By.cssSelector: .car-img-container.ng-star-inserted
14:37:43.850  INFO  manager.MyListener - WebDriver start find element -->By.cssSelector: .logo
14:37:44.116  INFO  tests.BaseTest - Start test with name --->searchCurrentYear2
14:37:44.117  INFO  manager.MyListener - WebDriver start find element -->By.id: city
14:37:44.315  INFO  manager.MyListener - WebDriver start find element -->By.cssSelector: .pac-item
14:37:45.646  INFO  manager.MyListener - WebDriver start find element -->By.id: dates
14:37:45.772  INFO  manager.MyListener - WebDriver start find element -->By.xpath: //button[@aria-label='Next month']
14:37:45.823  INFO  manager.MyListener - WebDriver start find element -->By.xpath: //div[.=' 10 ']
14:37:45.946  INFO  manager.MyListener - WebDriver start find element -->By.xpath: //button[@aria-label='Next month']
14:37:45.993  INFO  manager.MyListener - WebDriver start find element -->By.xpath: //button[@aria-label='Next month']
14:37:46.031  INFO  manager.MyListener - WebDriver start find element -->By.xpath: //div[.=' 20 ']
14:37:46.097  INFO  manager.MyListener - WebDriver start find element -->By.cssSelector: button[type='submit']
14:37:46.127  INFO  manager.MyListener - WebDriver start find element -->By.cssSelector: button[type='submit']
14:37:46.211  INFO  manager.MyListener - New Before find by --> By.cssSelector: .car-img-container.ng-star-inserted
14:37:47.185  INFO  manager.MyListener - WebDriver start find element -->By.cssSelector: .logo
14:37:47.460  INFO  tests.BaseTest - Start test with name --->searchCurrentYearLocalDate
14:37:47.461  INFO  manager.MyListener - WebDriver start find element -->By.id: city
14:37:47.609  INFO  manager.MyListener - WebDriver start find element -->By.cssSelector: .pac-item
14:37:48.506  INFO  manager.MyListener - WebDriver start find element -->By.id: dates
14:37:48.615  INFO  manager.MyListener - WebDriver start find element -->By.xpath: //button[@aria-label='Next month']
14:37:48.662  INFO  manager.MyListener - WebDriver start find element -->By.xpath: //div[.=' 10 ']
14:37:48.719  INFO  manager.MyListener - WebDriver start find element -->By.xpath: //button[@aria-label='Next month']
14:37:48.766  INFO  manager.MyListener - WebDriver start find element -->By.xpath: //button[@aria-label='Next month']
14:37:48.825  INFO  manager.MyListener - WebDriver start find element -->By.xpath: //div[.=' 20 ']
14:37:48.879  INFO  manager.MyListener - WebDriver start find element -->By.cssSelector: button[type='submit']
14:37:48.923  INFO  manager.MyListener - WebDriver start find element -->By.cssSelector: button[type='submit']
14:37:49.008  INFO  manager.MyListener - New Before find by --> By.cssSelector: .car-img-container.ng-star-inserted
14:37:50.118  INFO  manager.MyListener - WebDriver start find element -->By.cssSelector: .logo
14:37:50.316  INFO  tests.BaseTest - Start test with name --->searchPeriodPast
14:37:50.318  INFO  manager.MyListener - WebDriver start find element -->By.cssSelector: .logo
